# JRE version: Java(TM) SE Runtime Environment (8.0_181-b13) (build 1.8.0_181-b13)
# Java VM: Java HotSpot(TM) 64-Bit Server VM (25.181-b13 mixed mode windows-amd64 compressed oops)
Heap:
 PSYoungGen      total 152064K, used 19347K [0x00000000eb180000, 0x00000000f5800000, 0x0000000100000000)
  eden space 142336K, 6% used [0x00000000eb180000,0x00000000ebae9010,0x00000000f3c80000)
  from space 9728K, 99% used [0x00000000f4e80000,0x00000000f57fbe78,0x00000000f5800000)
  to   space 12288K, 0% used [0x00000000f4000000,0x00000000f4000000,0x00000000f4c00000)
 ParOldGen       total 45568K, used 14444K [0x00000000c1400000, 0x00000000c4080000, 0x00000000eb180000)
  object space 45568K, 31% used [0x00000000c1400000,0x00000000c221b130,0x00000000c4080000)
 Metaspace       used 45190K, capacity 47932K, committed 48088K, reserved 1091584K
  class space    used 5606K, capacity 6084K, committed 6104K, reserved 1048576K
GC Heap History (10 events):
Event: 4.941 GC heap before
{Heap before GC invocations=8 (full 1):
 PSYoungGen      total 73216K, used 65536K [0x00000000eb180000, 0x00000000f0080000, 0x0000000100000000)
  eden space 65536K, 100% used [0x00000000eb180000,0x00000000ef180000,0x00000000ef180000)
  from space 7680K, 0% used [0x00000000ef900000,0x00000000ef900000,0x00000000f0080000)
  to   space 7680K, 0% used [0x00000000ef180000,0x00000000ef180000,0x00000000ef900000)
 ParOldGen       total 36864K, used 9623K [0x00000000c1400000, 0x00000000c3800000, 0x00000000eb180000)
  object space 36864K, 26% used [0x00000000c1400000,0x00000000c1d65ff0,0x00000000c3800000)
 Metaspace       used 27257K, capacity 28788K, committed 28928K, reserved 1075200K
  class space    used 3435K, capacity 3736K, committed 3840K, reserved 1048576K
Event: 4.955 GC heap after
Heap after GC invocations=8 (full 1):
 PSYoungGen      total 73216K, used 7670K [0x00000000eb180000, 0x00000000f2a80000, 0x0000000100000000)
  eden space 65536K, 0% used [0x00000000eb180000,0x00000000eb180000,0x00000000ef180000)
  from space 7680K, 99% used [0x00000000ef180000,0x00000000ef8fd9d0,0x00000000ef900000)
  to   space 9216K, 0% used [0x00000000f2180000,0x00000000f2180000,0x00000000f2a80000)
 ParOldGen       total 36864K, used 10256K [0x00000000c1400000, 0x00000000c3800000, 0x00000000eb180000)
  object space 36864K, 27% used [0x00000000c1400000,0x00000000c1e041b0,0x00000000c3800000)
 Metaspace       used 27257K, capacity 28788K, committed 28928K, reserved 1075200K
  class space    used 3435K, capacity 3736K, committed 3840K, reserved 1048576K
}
Event: 6.153 GC heap before
{Heap before GC invocations=9 (full 1):
 PSYoungGen      total 73216K, used 73206K [0x00000000eb180000, 0x00000000f2a80000, 0x0000000100000000)
  eden space 65536K, 100% used [0x00000000eb180000,0x00000000ef180000,0x00000000ef180000)
  from space 7680K, 99% used [0x00000000ef180000,0x00000000ef8fd9d0,0x00000000ef900000)
  to   space 9216K, 0% used [0x00000000f2180000,0x00000000f2180000,0x00000000f2a80000)
 ParOldGen       total 36864K, used 10256K [0x00000000c1400000, 0x00000000c3800000, 0x00000000eb180000)
  object space 36864K, 27% used [0x00000000c1400000,0x00000000c1e041b0,0x00000000c3800000)
 Metaspace       used 33202K, capacity 35208K, committed 35328K, reserved 1079296K
  class space    used 4243K, capacity 4578K, committed 4608K, reserved 1048576K
Event: 6.165 GC heap after
Heap after GC invocations=9 (full 1):
 PSYoungGen      total 113152K, used 8872K [0x00000000eb180000, 0x00000000f2b00000, 0x0000000100000000)
  eden space 103936K, 0% used [0x00000000eb180000,0x00000000eb180000,0x00000000f1700000)
  from space 9216K, 96% used [0x00000000f2180000,0x00000000f2a2a230,0x00000000f2a80000)
  to   space 10240K, 0% used [0x00000000f1700000,0x00000000f1700000,0x00000000f2100000)
 ParOldGen       total 36864K, used 10328K [0x00000000c1400000, 0x00000000c3800000, 0x00000000eb180000)
  object space 36864K, 28% used [0x00000000c1400000,0x00000000c1e161c0,0x00000000c3800000)
 Metaspace       used 33202K, capacity 35208K, committed 35328K, reserved 1079296K
  class space    used 4243K, capacity 4578K, committed 4608K, reserved 1048576K
}
Event: 6.250 GC heap before
{Heap before GC invocations=10 (full 1):
 PSYoungGen      total 113152K, used 16369K [0x00000000eb180000, 0x00000000f2b00000, 0x0000000100000000)
  eden space 103936K, 7% used [0x00000000eb180000,0x00000000eb8d2398,0x00000000f1700000)
  from space 9216K, 96% used [0x00000000f2180000,0x00000000f2a2a230,0x00000000f2a80000)
  to   space 10240K, 0% used [0x00000000f1700000,0x00000000f1700000,0x00000000f2100000)
 ParOldGen       total 36864K, used 10328K [0x00000000c1400000, 0x00000000c3800000, 0x00000000eb180000)
  object space 36864K, 28% used [0x00000000c1400000,0x00000000c1e161c0,0x00000000c3800000)
 Metaspace       used 33350K, capacity 35330K, committed 35416K, reserved 1079296K
  class space    used 4264K, capacity 4625K, committed 4696K, reserved 1048576K
Event: 6.257 GC heap after
Heap after GC invocations=10 (full 1):
 PSYoungGen      total 114176K, used 5898K [0x00000000eb180000, 0x00000000f5800000, 0x0000000100000000)
  eden space 103936K, 0% used [0x00000000eb180000,0x00000000eb180000,0x00000000f1700000)
  from space 10240K, 57% used [0x00000000f1700000,0x00000000f1cc2980,0x00000000f2100000)
  to   space 9728K, 0% used [0x00000000f4e80000,0x00000000f4e80000,0x00000000f5800000)
 ParOldGen       total 36864K, used 10336K [0x00000000c1400000, 0x00000000c3800000, 0x00000000eb180000)
  object space 36864K, 28% used [0x00000000c1400000,0x00000000c1e181c0,0x00000000c3800000)
 Metaspace       used 33350K, capacity 35330K, committed 35416K, reserved 1079296K
  class space    used 4264K, capacity 4625K, committed 4696K, reserved 1048576K
}
Event: 6.257 GC heap before
{Heap before GC invocations=11 (full 2):
 PSYoungGen      total 114176K, used 5898K [0x00000000eb180000, 0x00000000f5800000, 0x0000000100000000)
  eden space 103936K, 0% used [0x00000000eb180000,0x00000000eb180000,0x00000000f1700000)
  from space 10240K, 57% used [0x00000000f1700000,0x00000000f1cc2980,0x00000000f2100000)
  to   space 9728K, 0% used [0x00000000f4e80000,0x00000000f4e80000,0x00000000f5800000)
 ParOldGen       total 36864K, used 10336K [0x00000000c1400000, 0x00000000c3800000, 0x00000000eb180000)
  object space 36864K, 28% used [0x00000000c1400000,0x00000000c1e181c0,0x00000000c3800000)
 Metaspace       used 33350K, capacity 35330K, committed 35416K, reserved 1079296K
  class space    used 4264K, capacity 4625K, committed 4696K, reserved 1048576K
Event: 6.320 GC heap after
Heap after GC invocations=11 (full 2):
 PSYoungGen      total 114176K, used 0K [0x00000000eb180000, 0x00000000f5800000, 0x0000000100000000)
  eden space 103936K, 0% used [0x00000000eb180000,0x00000000eb180000,0x00000000f1700000)
  from space 10240K, 0% used [0x00000000f1700000,0x00000000f1700000,0x00000000f2100000)
  to   space 9728K, 0% used [0x00000000f4e80000,0x00000000f4e80000,0x00000000f5800000)
 ParOldGen       total 45568K, used 10416K [0x00000000c1400000, 0x00000000c4080000, 0x00000000eb180000)
  object space 45568K, 22% used [0x00000000c1400000,0x00000000c1e2c078,0x00000000c4080000)
 Metaspace       used 33350K, capacity 35330K, committed 35416K, reserved 1079296K
  class space    used 4264K, capacity 4625K, committed 4696K, reserved 1048576K
}
Event: 8.969 GC heap before
{Heap before GC invocations=12 (full 2):
 PSYoungGen      total 114176K, used 103936K [0x00000000eb180000, 0x00000000f5800000, 0x0000000100000000)
  eden space 103936K, 100% used [0x00000000eb180000,0x00000000f1700000,0x00000000f1700000)
  from space 10240K, 0% used [0x00000000f1700000,0x00000000f1700000,0x00000000f2100000)
  to   space 9728K, 0% used [0x00000000f4e80000,0x00000000f4e80000,0x00000000f5800000)
 ParOldGen       total 45568K, used 10416K [0x00000000c1400000, 0x00000000c4080000, 0x00000000eb180000)
  object space 45568K, 22% used [0x00000000c1400000,0x00000000c1e2c078,0x00000000c4080000)
 Metaspace       used 43855K, capacity 46620K, committed 46808K, reserved 1089536K
  class space    used 5514K, capacity 5988K, committed 6104K, reserved 1048576K
Event: 8.991 GC heap after
Heap after GC invocations=12 (full 2):
 PSYoungGen      total 152064K, used 9711K [0x00000000eb180000, 0x00000000f5800000, 0x0000000100000000)
  eden space 142336K, 0% used [0x00000000eb180000,0x00000000eb180000,0x00000000f3c80000)
  from space 9728K, 99% used [0x00000000f4e80000,0x00000000f57fbe78,0x00000000f5800000)
  to   space 12288K, 0% used [0x00000000f4000000,0x00000000f4000000,0x00000000f4c00000)
 ParOldGen       total 45568K, used 14444K [0x00000000c1400000, 0x00000000c4080000, 0x00000000eb180000)
  object space 45568K, 31% used [0x00000000c1400000,0x00000000c221b130,0x00000000c4080000)
 Metaspace       used 43855K, capacity 46620K, committed 46808K, reserved 1089536K
  class space    used 5514K, capacity 5988K, committed 6104K, reserved 1048576K
}

