# JRE version: Java(TM) SE Runtime Environment (8.0_181-b13) (build 1.8.0_181-b13)
# Java VM: Java HotSpot(TM) 64-Bit Server VM (25.181-b13 mixed mode windows-amd64 compressed oops)
Heap:
 PSYoungGen      total 150016K, used 64931K [0x00000000eb180000, 0x00000000f5280000, 0x0000000100000000)
  eden space 139776K, 39% used [0x00000000eb180000,0x00000000ee6eb128,0x00000000f3a00000)
  from space 10240K, 99% used [0x00000000f4880000,0x00000000f527de10,0x00000000f5280000)
  to   space 12288K, 0% used [0x00000000f3a80000,0x00000000f3a80000,0x00000000f4680000)
 ParOldGen       total 46080K, used 12955K [0x00000000c1400000, 0x00000000c4100000, 0x00000000eb180000)
  object space 46080K, 28% used [0x00000000c1400000,0x00000000c20a6f90,0x00000000c4100000)
 Metaspace       used 50083K, capacity 52860K, committed 53208K, reserved 1095680K
  class space    used 6097K, capacity 6549K, committed 6616K, reserved 1048576K
GC Heap History (10 events):
Event: 4.497 GC heap before
{Heap before GC invocations=8 (full 1):
 PSYoungGen      total 73216K, used 65536K [0x00000000eb180000, 0x00000000f0080000, 0x0000000100000000)
  eden space 65536K, 100% used [0x00000000eb180000,0x00000000ef180000,0x00000000ef180000)
  from space 7680K, 0% used [0x00000000ef900000,0x00000000ef900000,0x00000000f0080000)
  to   space 7680K, 0% used [0x00000000ef180000,0x00000000ef180000,0x00000000ef900000)
 ParOldGen       total 35840K, used 6662K [0x00000000c1400000, 0x00000000c3700000, 0x00000000eb180000)
  object space 35840K, 18% used [0x00000000c1400000,0x00000000c1a81ae8,0x00000000c3700000)
 Metaspace       used 27279K, capacity 28864K, committed 29184K, reserved 1075200K
  class space    used 3444K, capacity 3736K, committed 3840K, reserved 1048576K
Event: 4.518 GC heap after
Heap after GC invocations=8 (full 1):
 PSYoungGen      total 73216K, used 7676K [0x00000000eb180000, 0x00000000f2600000, 0x0000000100000000)
  eden space 65536K, 0% used [0x00000000eb180000,0x00000000eb180000,0x00000000ef180000)
  from space 7680K, 99% used [0x00000000ef180000,0x00000000ef8ff020,0x00000000ef900000)
  to   space 9216K, 0% used [0x00000000f1d00000,0x00000000f1d00000,0x00000000f2600000)
 ParOldGen       total 35840K, used 7302K [0x00000000c1400000, 0x00000000c3700000, 0x00000000eb180000)
  object space 35840K, 20% used [0x00000000c1400000,0x00000000c1b21ac0,0x00000000c3700000)
 Metaspace       used 27279K, capacity 28864K, committed 29184K, reserved 1075200K
  class space    used 3444K, capacity 3736K, committed 3840K, reserved 1048576K
}
Event: 5.755 GC heap before
{Heap before GC invocations=9 (full 1):
 PSYoungGen      total 73216K, used 73212K [0x00000000eb180000, 0x00000000f2600000, 0x0000000100000000)
  eden space 65536K, 100% used [0x00000000eb180000,0x00000000ef180000,0x00000000ef180000)
  from space 7680K, 99% used [0x00000000ef180000,0x00000000ef8ff020,0x00000000ef900000)
  to   space 9216K, 0% used [0x00000000f1d00000,0x00000000f1d00000,0x00000000f2600000)
 ParOldGen       total 35840K, used 7302K [0x00000000c1400000, 0x00000000c3700000, 0x00000000eb180000)
  object space 35840K, 20% used [0x00000000c1400000,0x00000000c1b21ac0,0x00000000c3700000)
 Metaspace       used 33253K, capacity 35270K, committed 35416K, reserved 1079296K
  class space    used 4259K, capacity 4617K, committed 4696K, reserved 1048576K
Event: 5.767 GC heap after
Heap after GC invocations=9 (full 1):
 PSYoungGen      total 108544K, used 8961K [0x00000000eb180000, 0x00000000f2680000, 0x0000000100000000)
  eden space 99328K, 0% used [0x00000000eb180000,0x00000000eb180000,0x00000000f1280000)
  from space 9216K, 97% used [0x00000000f1d00000,0x00000000f25c0500,0x00000000f2600000)
  to   space 10240K, 0% used [0x00000000f1280000,0x00000000f1280000,0x00000000f1c80000)
 ParOldGen       total 35840K, used 7374K [0x00000000c1400000, 0x00000000c3700000, 0x00000000eb180000)
  object space 35840K, 20% used [0x00000000c1400000,0x00000000c1b33ad0,0x00000000c3700000)
 Metaspace       used 33253K, capacity 35270K, committed 35416K, reserved 1079296K
  class space    used 4259K, capacity 4617K, committed 4696K, reserved 1048576K
}
Event: 5.826 GC heap before
{Heap before GC invocations=10 (full 1):
 PSYoungGen      total 108544K, used 14418K [0x00000000eb180000, 0x00000000f2680000, 0x0000000100000000)
  eden space 99328K, 5% used [0x00000000eb180000,0x00000000eb6d4660,0x00000000f1280000)
  from space 9216K, 97% used [0x00000000f1d00000,0x00000000f25c0500,0x00000000f2600000)
  to   space 10240K, 0% used [0x00000000f1280000,0x00000000f1280000,0x00000000f1c80000)
 ParOldGen       total 35840K, used 7374K [0x00000000c1400000, 0x00000000c3700000, 0x00000000eb180000)
  object space 35840K, 20% used [0x00000000c1400000,0x00000000c1b33ad0,0x00000000c3700000)
 Metaspace       used 33341K, capacity 35338K, committed 35416K, reserved 1079296K
  class space    used 4270K, capacity 4625K, committed 4696K, reserved 1048576K
Event: 5.834 GC heap after
Heap after GC invocations=10 (full 1):
 PSYoungGen      total 109568K, used 5918K [0x00000000eb180000, 0x00000000f5280000, 0x0000000100000000)
  eden space 99328K, 0% used [0x00000000eb180000,0x00000000eb180000,0x00000000f1280000)
  from space 10240K, 57% used [0x00000000f1280000,0x00000000f1847990,0x00000000f1c80000)
  to   space 10240K, 0% used [0x00000000f4880000,0x00000000f4880000,0x00000000f5280000)
 ParOldGen       total 35840K, used 7382K [0x00000000c1400000, 0x00000000c3700000, 0x00000000eb180000)
  object space 35840K, 20% used [0x00000000c1400000,0x00000000c1b35ad0,0x00000000c3700000)
 Metaspace       used 33341K, capacity 35338K, committed 35416K, reserved 1079296K
  class space    used 4270K, capacity 4625K, committed 4696K, reserved 1048576K
}
Event: 5.834 GC heap before
{Heap before GC invocations=11 (full 2):
 PSYoungGen      total 109568K, used 5918K [0x00000000eb180000, 0x00000000f5280000, 0x0000000100000000)
  eden space 99328K, 0% used [0x00000000eb180000,0x00000000eb180000,0x00000000f1280000)
  from space 10240K, 57% used [0x00000000f1280000,0x00000000f1847990,0x00000000f1c80000)
  to   space 10240K, 0% used [0x00000000f4880000,0x00000000f4880000,0x00000000f5280000)
 ParOldGen       total 35840K, used 7382K [0x00000000c1400000, 0x00000000c3700000, 0x00000000eb180000)
  object space 35840K, 20% used [0x00000000c1400000,0x00000000c1b35ad0,0x00000000c3700000)
 Metaspace       used 33341K, capacity 35338K, committed 35416K, reserved 1079296K
  class space    used 4270K, capacity 4625K, committed 4696K, reserved 1048576K
Event: 5.884 GC heap after
Heap after GC invocations=11 (full 2):
 PSYoungGen      total 109568K, used 0K [0x00000000eb180000, 0x00000000f5280000, 0x0000000100000000)
  eden space 99328K, 0% used [0x00000000eb180000,0x00000000eb180000,0x00000000f1280000)
  from space 10240K, 0% used [0x00000000f1280000,0x00000000f1280000,0x00000000f1c80000)
  to   space 10240K, 0% used [0x00000000f4880000,0x00000000f4880000,0x00000000f5280000)
 ParOldGen       total 46080K, used 10669K [0x00000000c1400000, 0x00000000c4100000, 0x00000000eb180000)
  object space 46080K, 23% used [0x00000000c1400000,0x00000000c1e6b590,0x00000000c4100000)
 Metaspace       used 33341K, capacity 35338K, committed 35416K, reserved 1079296K
  class space    used 4270K, capacity 4625K, committed 4696K, reserved 1048576K
}
Event: 18.810 GC heap before
{Heap before GC invocations=12 (full 2):
 PSYoungGen      total 109568K, used 99328K [0x00000000eb180000, 0x00000000f5280000, 0x0000000100000000)
  eden space 99328K, 100% used [0x00000000eb180000,0x00000000f1280000,0x00000000f1280000)
  from space 10240K, 0% used [0x00000000f1280000,0x00000000f1280000,0x00000000f1c80000)
  to   space 10240K, 0% used [0x00000000f4880000,0x00000000f4880000,0x00000000f5280000)
 ParOldGen       total 46080K, used 10669K [0x00000000c1400000, 0x00000000c4100000, 0x00000000eb180000)
  object space 46080K, 23% used [0x00000000c1400000,0x00000000c1e6b590,0x00000000c4100000)
 Metaspace       used 42793K, capacity 45584K, committed 45656K, reserved 1089536K
  class space    used 5465K, capacity 5960K, committed 5976K, reserved 1048576K
Event: 18.833 GC heap after
Heap after GC invocations=12 (full 2):
 PSYoungGen      total 150016K, used 10231K [0x00000000eb180000, 0x00000000f5280000, 0x0000000100000000)
  eden space 139776K, 0% used [0x00000000eb180000,0x00000000eb180000,0x00000000f3a00000)
  from space 10240K, 99% used [0x00000000f4880000,0x00000000f527de10,0x00000000f5280000)
  to   space 12288K, 0% used [0x00000000f3a80000,0x00000000f3a80000,0x00000000f4680000)
 ParOldGen       total 46080K, used 12955K [0x00000000c1400000, 0x00000000c4100000, 0x00000000eb180000)
  object space 46080K, 28% used [0x00000000c1400000,0x00000000c20a6f90,0x00000000c4100000)
 Metaspace       used 42793K, capacity 45584K, committed 45656K, reserved 1089536K
  class space    used 5465K, capacity 5960K, committed 5976K, reserved 1048576K
}

