# JRE version: Java(TM) SE Runtime Environment (8.0_181-b13) (build 1.8.0_181-b13)
# Java VM: Java HotSpot(TM) 64-Bit Server VM (25.181-b13 mixed mode windows-amd64 compressed oops)
Heap:
 PSYoungGen      total 146432K, used 80118K [0x00000000eb180000, 0x00000000f4e80000, 0x0000000100000000)
  eden space 136192K, 51% used [0x00000000eb180000,0x00000000ef5bfe20,0x00000000f3680000)
  from space 10240K, 99% used [0x00000000f4400000,0x00000000f4dfdcf8,0x00000000f4e00000)
  to   space 12288K, 0% used [0x00000000f3680000,0x00000000f3680000,0x00000000f4280000)
 ParOldGen       total 46592K, used 12945K [0x00000000c1400000, 0x00000000c4180000, 0x00000000eb180000)
  object space 46592K, 27% used [0x00000000c1400000,0x00000000c20a4478,0x00000000c4180000)
 Metaspace       used 50226K, capacity 53060K, committed 53208K, reserved 1095680K
  class space    used 6101K, capacity 6552K, committed 6616K, reserved 1048576K
GC Heap History (10 events):
Event: 4.934 GC heap before
{Heap before GC invocations=8 (full 1):
 PSYoungGen      total 73216K, used 65536K [0x00000000eb180000, 0x00000000f0080000, 0x0000000100000000)
  eden space 65536K, 100% used [0x00000000eb180000,0x00000000ef180000,0x00000000ef180000)
  from space 7680K, 0% used [0x00000000ef900000,0x00000000ef900000,0x00000000f0080000)
  to   space 7680K, 0% used [0x00000000ef180000,0x00000000ef180000,0x00000000ef900000)
 ParOldGen       total 36352K, used 6643K [0x00000000c1400000, 0x00000000c3780000, 0x00000000eb180000)
  object space 36352K, 18% used [0x00000000c1400000,0x00000000c1a7cf18,0x00000000c3780000)
 Metaspace       used 27229K, capacity 28784K, committed 28928K, reserved 1075200K
  class space    used 3435K, capacity 3736K, committed 3840K, reserved 1048576K
Event: 4.945 GC heap after
Heap after GC invocations=8 (full 1):
 PSYoungGen      total 73216K, used 7668K [0x00000000eb180000, 0x00000000f2280000, 0x0000000100000000)
  eden space 65536K, 0% used [0x00000000eb180000,0x00000000eb180000,0x00000000ef180000)
  from space 7680K, 99% used [0x00000000ef180000,0x00000000ef8fd1b0,0x00000000ef900000)
  to   space 9216K, 0% used [0x00000000f1980000,0x00000000f1980000,0x00000000f2280000)
 ParOldGen       total 36352K, used 7377K [0x00000000c1400000, 0x00000000c3780000, 0x00000000eb180000)
  object space 36352K, 20% used [0x00000000c1400000,0x00000000c1b34628,0x00000000c3780000)
 Metaspace       used 27229K, capacity 28784K, committed 28928K, reserved 1075200K
  class space    used 3435K, capacity 3736K, committed 3840K, reserved 1048576K
}
Event: 5.979 GC heap before
{Heap before GC invocations=9 (full 1):
 PSYoungGen      total 73216K, used 73204K [0x00000000eb180000, 0x00000000f2280000, 0x0000000100000000)
  eden space 65536K, 100% used [0x00000000eb180000,0x00000000ef180000,0x00000000ef180000)
  from space 7680K, 99% used [0x00000000ef180000,0x00000000ef8fd1b0,0x00000000ef900000)
  to   space 9216K, 0% used [0x00000000f1980000,0x00000000f1980000,0x00000000f2280000)
 ParOldGen       total 36352K, used 7377K [0x00000000c1400000, 0x00000000c3780000, 0x00000000eb180000)
  object space 36352K, 20% used [0x00000000c1400000,0x00000000c1b34628,0x00000000c3780000)
 Metaspace       used 33258K, capacity 35254K, committed 35416K, reserved 1079296K
  class space    used 4251K, capacity 4617K, committed 4696K, reserved 1048576K
Event: 5.992 GC heap after
Heap after GC invocations=9 (full 1):
 PSYoungGen      total 105472K, used 8960K [0x00000000eb180000, 0x00000000f2400000, 0x0000000100000000)
  eden space 96256K, 0% used [0x00000000eb180000,0x00000000eb180000,0x00000000f0f80000)
  from space 9216K, 97% used [0x00000000f1980000,0x00000000f2240160,0x00000000f2280000)
  to   space 10240K, 0% used [0x00000000f0f80000,0x00000000f0f80000,0x00000000f1980000)
 ParOldGen       total 36352K, used 7449K [0x00000000c1400000, 0x00000000c3780000, 0x00000000eb180000)
  object space 36352K, 20% used [0x00000000c1400000,0x00000000c1b46638,0x00000000c3780000)
 Metaspace       used 33258K, capacity 35254K, committed 35416K, reserved 1079296K
  class space    used 4251K, capacity 4617K, committed 4696K, reserved 1048576K
}
Event: 6.058 GC heap before
{Heap before GC invocations=10 (full 1):
 PSYoungGen      total 105472K, used 14252K [0x00000000eb180000, 0x00000000f2400000, 0x0000000100000000)
  eden space 96256K, 5% used [0x00000000eb180000,0x00000000eb6ab0d0,0x00000000f0f80000)
  from space 9216K, 97% used [0x00000000f1980000,0x00000000f2240160,0x00000000f2280000)
  to   space 10240K, 0% used [0x00000000f0f80000,0x00000000f0f80000,0x00000000f1980000)
 ParOldGen       total 36352K, used 7449K [0x00000000c1400000, 0x00000000c3780000, 0x00000000eb180000)
  object space 36352K, 20% used [0x00000000c1400000,0x00000000c1b46638,0x00000000c3780000)
 Metaspace       used 33348K, capacity 35322K, committed 35416K, reserved 1079296K
  class space    used 4264K, capacity 4625K, committed 4696K, reserved 1048576K
Event: 6.069 GC heap after
Heap after GC invocations=10 (full 1):
 PSYoungGen      total 106496K, used 5886K [0x00000000eb180000, 0x00000000f4e00000, 0x0000000100000000)
  eden space 96256K, 0% used [0x00000000eb180000,0x00000000eb180000,0x00000000f0f80000)
  from space 10240K, 57% used [0x00000000f0f80000,0x00000000f153f990,0x00000000f1980000)
  to   space 10240K, 0% used [0x00000000f4400000,0x00000000f4400000,0x00000000f4e00000)
 ParOldGen       total 36352K, used 7457K [0x00000000c1400000, 0x00000000c3780000, 0x00000000eb180000)
  object space 36352K, 20% used [0x00000000c1400000,0x00000000c1b48638,0x00000000c3780000)
 Metaspace       used 33348K, capacity 35322K, committed 35416K, reserved 1079296K
  class space    used 4264K, capacity 4625K, committed 4696K, reserved 1048576K
}
Event: 6.069 GC heap before
{Heap before GC invocations=11 (full 2):
 PSYoungGen      total 106496K, used 5886K [0x00000000eb180000, 0x00000000f4e00000, 0x0000000100000000)
  eden space 96256K, 0% used [0x00000000eb180000,0x00000000eb180000,0x00000000f0f80000)
  from space 10240K, 57% used [0x00000000f0f80000,0x00000000f153f990,0x00000000f1980000)
  to   space 10240K, 0% used [0x00000000f4400000,0x00000000f4400000,0x00000000f4e00000)
 ParOldGen       total 36352K, used 7457K [0x00000000c1400000, 0x00000000c3780000, 0x00000000eb180000)
  object space 36352K, 20% used [0x00000000c1400000,0x00000000c1b48638,0x00000000c3780000)
 Metaspace       used 33348K, capacity 35322K, committed 35416K, reserved 1079296K
  class space    used 4264K, capacity 4625K, committed 4696K, reserved 1048576K
Event: 6.120 GC heap after
Heap after GC invocations=11 (full 2):
 PSYoungGen      total 106496K, used 0K [0x00000000eb180000, 0x00000000f4e00000, 0x0000000100000000)
  eden space 96256K, 0% used [0x00000000eb180000,0x00000000eb180000,0x00000000f0f80000)
  from space 10240K, 0% used [0x00000000f0f80000,0x00000000f0f80000,0x00000000f1980000)
  to   space 10240K, 0% used [0x00000000f4400000,0x00000000f4400000,0x00000000f4e00000)
 ParOldGen       total 46592K, used 10676K [0x00000000c1400000, 0x00000000c4180000, 0x00000000eb180000)
  object space 46592K, 22% used [0x00000000c1400000,0x00000000c1e6d250,0x00000000c4180000)
 Metaspace       used 33348K, capacity 35322K, committed 35416K, reserved 1079296K
  class space    used 4264K, capacity 4625K, committed 4696K, reserved 1048576K
}
Event: 7.781 GC heap before
{Heap before GC invocations=12 (full 2):
 PSYoungGen      total 106496K, used 96256K [0x00000000eb180000, 0x00000000f4e00000, 0x0000000100000000)
  eden space 96256K, 100% used [0x00000000eb180000,0x00000000f0f80000,0x00000000f0f80000)
  from space 10240K, 0% used [0x00000000f0f80000,0x00000000f0f80000,0x00000000f1980000)
  to   space 10240K, 0% used [0x00000000f4400000,0x00000000f4400000,0x00000000f4e00000)
 ParOldGen       total 46592K, used 10676K [0x00000000c1400000, 0x00000000c4180000, 0x00000000eb180000)
  object space 46592K, 22% used [0x00000000c1400000,0x00000000c1e6d250,0x00000000c4180000)
 Metaspace       used 42681K, capacity 45410K, committed 45656K, reserved 1089536K
  class space    used 5430K, capacity 5913K, committed 5976K, reserved 1048576K
Event: 7.798 GC heap after
Heap after GC invocations=12 (full 2):
 PSYoungGen      total 146432K, used 10231K [0x00000000eb180000, 0x00000000f4e80000, 0x0000000100000000)
  eden space 136192K, 0% used [0x00000000eb180000,0x00000000eb180000,0x00000000f3680000)
  from space 10240K, 99% used [0x00000000f4400000,0x00000000f4dfdcf8,0x00000000f4e00000)
  to   space 12288K, 0% used [0x00000000f3680000,0x00000000f3680000,0x00000000f4280000)
 ParOldGen       total 46592K, used 12945K [0x00000000c1400000, 0x00000000c4180000, 0x00000000eb180000)
  object space 46592K, 27% used [0x00000000c1400000,0x00000000c20a4478,0x00000000c4180000)
 Metaspace       used 42681K, capacity 45410K, committed 45656K, reserved 1089536K
  class space    used 5430K, capacity 5913K, committed 5976K, reserved 1048576K
}

