# JRE version: Java(TM) SE Runtime Environment (8.0_181-b13) (build 1.8.0_181-b13)
# Java VM: Java HotSpot(TM) 64-Bit Server VM (25.181-b13 mixed mode windows-amd64 compressed oops)
Heap:
 PSYoungGen      total 139264K, used 34950K [0x00000000eb180000, 0x00000000f4700000, 0x0000000100000000)
  eden space 129536K, 19% used [0x00000000eb180000,0x00000000eca25368,0x00000000f3000000)
  from space 9728K, 99% used [0x00000000f3d00000,0x00000000f467c788,0x00000000f4680000)
  to   space 11776K, 0% used [0x00000000f3000000,0x00000000f3000000,0x00000000f3b80000)
 ParOldGen       total 48128K, used 12835K [0x00000000c1400000, 0x00000000c4300000, 0x00000000eb180000)
  object space 48128K, 26% used [0x00000000c1400000,0x00000000c2088ca8,0x00000000c4300000)
 Metaspace       used 45982K, capacity 48750K, committed 48984K, reserved 1091584K
  class space    used 5690K, capacity 6185K, committed 6232K, reserved 1048576K
GC Heap History (10 events):
Event: 4.282 GC heap before
{Heap before GC invocations=8 (full 1):
 PSYoungGen      total 73216K, used 65536K [0x00000000eb180000, 0x00000000f0080000, 0x0000000100000000)
  eden space 65536K, 100% used [0x00000000eb180000,0x00000000ef180000,0x00000000ef180000)
  from space 7680K, 0% used [0x00000000ef900000,0x00000000ef900000,0x00000000f0080000)
  to   space 7680K, 0% used [0x00000000ef180000,0x00000000ef180000,0x00000000ef900000)
 ParOldGen       total 35840K, used 6536K [0x00000000c1400000, 0x00000000c3700000, 0x00000000eb180000)
  object space 35840K, 18% used [0x00000000c1400000,0x00000000c1a622b8,0x00000000c3700000)
 Metaspace       used 27265K, capacity 28788K, committed 28928K, reserved 1075200K
  class space    used 3446K, capacity 3736K, committed 3840K, reserved 1048576K
Event: 4.296 GC heap after
Heap after GC invocations=8 (full 1):
 PSYoungGen      total 73216K, used 7667K [0x00000000eb180000, 0x00000000f2180000, 0x0000000100000000)
  eden space 65536K, 0% used [0x00000000eb180000,0x00000000eb180000,0x00000000ef180000)
  from space 7680K, 99% used [0x00000000ef180000,0x00000000ef8fcdf8,0x00000000ef900000)
  to   space 9216K, 0% used [0x00000000f1880000,0x00000000f1880000,0x00000000f2180000)
 ParOldGen       total 35840K, used 7282K [0x00000000c1400000, 0x00000000c3700000, 0x00000000eb180000)
  object space 35840K, 20% used [0x00000000c1400000,0x00000000c1b1cb08,0x00000000c3700000)
 Metaspace       used 27265K, capacity 28788K, committed 28928K, reserved 1075200K
  class space    used 3446K, capacity 3736K, committed 3840K, reserved 1048576K
}
Event: 5.295 GC heap before
{Heap before GC invocations=9 (full 1):
 PSYoungGen      total 73216K, used 73203K [0x00000000eb180000, 0x00000000f2180000, 0x0000000100000000)
  eden space 65536K, 100% used [0x00000000eb180000,0x00000000ef180000,0x00000000ef180000)
  from space 7680K, 99% used [0x00000000ef180000,0x00000000ef8fcdf8,0x00000000ef900000)
  to   space 9216K, 0% used [0x00000000f1880000,0x00000000f1880000,0x00000000f2180000)
 ParOldGen       total 35840K, used 7282K [0x00000000c1400000, 0x00000000c3700000, 0x00000000eb180000)
  object space 35840K, 20% used [0x00000000c1400000,0x00000000c1b1cb08,0x00000000c3700000)
 Metaspace       used 33241K, capacity 35258K, committed 35416K, reserved 1079296K
  class space    used 4257K, capacity 4617K, committed 4696K, reserved 1048576K
Event: 5.308 GC heap after
Heap after GC invocations=9 (full 1):
 PSYoungGen      total 104448K, used 8835K [0x00000000eb180000, 0x00000000f2280000, 0x0000000100000000)
  eden space 95232K, 0% used [0x00000000eb180000,0x00000000eb180000,0x00000000f0e80000)
  from space 9216K, 95% used [0x00000000f1880000,0x00000000f2120d68,0x00000000f2180000)
  to   space 10240K, 0% used [0x00000000f0e80000,0x00000000f0e80000,0x00000000f1880000)
 ParOldGen       total 35840K, used 7354K [0x00000000c1400000, 0x00000000c3700000, 0x00000000eb180000)
  object space 35840K, 20% used [0x00000000c1400000,0x00000000c1b2eb18,0x00000000c3700000)
 Metaspace       used 33241K, capacity 35258K, committed 35416K, reserved 1079296K
  class space    used 4257K, capacity 4617K, committed 4696K, reserved 1048576K
}
Event: 5.397 GC heap before
{Heap before GC invocations=10 (full 1):
 PSYoungGen      total 104448K, used 15681K [0x00000000eb180000, 0x00000000f2280000, 0x0000000100000000)
  eden space 95232K, 7% used [0x00000000eb180000,0x00000000eb82f7e8,0x00000000f0e80000)
  from space 9216K, 95% used [0x00000000f1880000,0x00000000f2120d68,0x00000000f2180000)
  to   space 10240K, 0% used [0x00000000f0e80000,0x00000000f0e80000,0x00000000f1880000)
 ParOldGen       total 35840K, used 7354K [0x00000000c1400000, 0x00000000c3700000, 0x00000000eb180000)
  object space 35840K, 20% used [0x00000000c1400000,0x00000000c1b2eb18,0x00000000c3700000)
 Metaspace       used 33362K, capacity 35322K, committed 35416K, reserved 1079296K
  class space    used 4272K, capacity 4625K, committed 4696K, reserved 1048576K
Event: 5.406 GC heap after
Heap after GC invocations=10 (full 1):
 PSYoungGen      total 105472K, used 5838K [0x00000000eb180000, 0x00000000f4680000, 0x0000000100000000)
  eden space 95232K, 0% used [0x00000000eb180000,0x00000000eb180000,0x00000000f0e80000)
  from space 10240K, 57% used [0x00000000f0e80000,0x00000000f14339a0,0x00000000f1880000)
  to   space 9728K, 0% used [0x00000000f3d00000,0x00000000f3d00000,0x00000000f4680000)
 ParOldGen       total 35840K, used 7362K [0x00000000c1400000, 0x00000000c3700000, 0x00000000eb180000)
  object space 35840K, 20% used [0x00000000c1400000,0x00000000c1b30b18,0x00000000c3700000)
 Metaspace       used 33362K, capacity 35322K, committed 35416K, reserved 1079296K
  class space    used 4272K, capacity 4625K, committed 4696K, reserved 1048576K
}
Event: 5.406 GC heap before
{Heap before GC invocations=11 (full 2):
 PSYoungGen      total 105472K, used 5838K [0x00000000eb180000, 0x00000000f4680000, 0x0000000100000000)
  eden space 95232K, 0% used [0x00000000eb180000,0x00000000eb180000,0x00000000f0e80000)
  from space 10240K, 57% used [0x00000000f0e80000,0x00000000f14339a0,0x00000000f1880000)
  to   space 9728K, 0% used [0x00000000f3d00000,0x00000000f3d00000,0x00000000f4680000)
 ParOldGen       total 35840K, used 7362K [0x00000000c1400000, 0x00000000c3700000, 0x00000000eb180000)
  object space 35840K, 20% used [0x00000000c1400000,0x00000000c1b30b18,0x00000000c3700000)
 Metaspace       used 33362K, capacity 35322K, committed 35416K, reserved 1079296K
  class space    used 4272K, capacity 4625K, committed 4696K, reserved 1048576K
Event: 5.452 GC heap after
Heap after GC invocations=11 (full 2):
 PSYoungGen      total 105472K, used 0K [0x00000000eb180000, 0x00000000f4680000, 0x0000000100000000)
  eden space 95232K, 0% used [0x00000000eb180000,0x00000000eb180000,0x00000000f0e80000)
  from space 10240K, 0% used [0x00000000f0e80000,0x00000000f0e80000,0x00000000f1880000)
  to   space 9728K, 0% used [0x00000000f3d00000,0x00000000f3d00000,0x00000000f4680000)
 ParOldGen       total 48128K, used 10657K [0x00000000c1400000, 0x00000000c4300000, 0x00000000eb180000)
  object space 48128K, 22% used [0x00000000c1400000,0x00000000c1e68458,0x00000000c4300000)
 Metaspace       used 33362K, capacity 35322K, committed 35416K, reserved 1079296K
  class space    used 4272K, capacity 4625K, committed 4696K, reserved 1048576K
}
Event: 16.233 GC heap before
{Heap before GC invocations=12 (full 2):
 PSYoungGen      total 105472K, used 95232K [0x00000000eb180000, 0x00000000f4680000, 0x0000000100000000)
  eden space 95232K, 100% used [0x00000000eb180000,0x00000000f0e80000,0x00000000f0e80000)
  from space 10240K, 0% used [0x00000000f0e80000,0x00000000f0e80000,0x00000000f1880000)
  to   space 9728K, 0% used [0x00000000f3d00000,0x00000000f3d00000,0x00000000f4680000)
 ParOldGen       total 48128K, used 10657K [0x00000000c1400000, 0x00000000c4300000, 0x00000000eb180000)
  object space 48128K, 22% used [0x00000000c1400000,0x00000000c1e68458,0x00000000c4300000)
 Metaspace       used 42132K, capacity 44846K, committed 45144K, reserved 1089536K
  class space    used 5404K, capacity 5865K, committed 5976K, reserved 1048576K
Event: 16.255 GC heap after
Heap after GC invocations=12 (full 2):
 PSYoungGen      total 139264K, used 9713K [0x00000000eb180000, 0x00000000f4700000, 0x0000000100000000)
  eden space 129536K, 0% used [0x00000000eb180000,0x00000000eb180000,0x00000000f3000000)
  from space 9728K, 99% used [0x00000000f3d00000,0x00000000f467c788,0x00000000f4680000)
  to   space 11776K, 0% used [0x00000000f3000000,0x00000000f3000000,0x00000000f3b80000)
 ParOldGen       total 48128K, used 12835K [0x00000000c1400000, 0x00000000c4300000, 0x00000000eb180000)
  object space 48128K, 26% used [0x00000000c1400000,0x00000000c2088ca8,0x00000000c4300000)
 Metaspace       used 42132K, capacity 44846K, committed 45144K, reserved 1089536K
  class space    used 5404K, capacity 5865K, committed 5976K, reserved 1048576K
}

