# JRE version: Java(TM) SE Runtime Environment (8.0_181-b13) (build 1.8.0_181-b13)
# Java VM: Java HotSpot(TM) 64-Bit Server VM (25.181-b13 mixed mode windows-amd64 compressed oops)
Heap:
 PSYoungGen      total 79872K, used 71690K [0x00000000eb180000, 0x00000000f1680000, 0x0000000100000000)
  eden space 73216K, 97% used [0x00000000eb180000,0x00000000ef782a98,0x00000000ef900000)
  from space 6656K, 0% used [0x00000000f0100000,0x00000000f0100000,0x00000000f0780000)
  to   space 8192K, 0% used [0x00000000ef900000,0x00000000ef900000,0x00000000f0100000)
 ParOldGen       total 49664K, used 12810K [0x00000000c1400000, 0x00000000c4480000, 0x00000000eb180000)
  object space 49664K, 25% used [0x00000000c1400000,0x00000000c20828a0,0x00000000c4480000)
 Metaspace       used 39035K, capacity 41573K, committed 41816K, reserved 1085440K
  class space    used 5007K, capacity 5459K, committed 5464K, reserved 1048576K
GC Heap History (10 events):
Event: 3.850 GC heap before
{Heap before GC invocations=8 (full 1):
 PSYoungGen      total 38912K, used 4419K [0x00000000eb180000, 0x00000000efd80000, 0x0000000100000000)
  eden space 32768K, 0% used [0x00000000eb180000,0x00000000eb180000,0x00000000ed180000)
  from space 6144K, 71% used [0x00000000ed180000,0x00000000ed5d0c68,0x00000000ed780000)
  to   space 6144K, 0% used [0x00000000ef780000,0x00000000ef780000,0x00000000efd80000)
 ParOldGen       total 44032K, used 9310K [0x00000000c1400000, 0x00000000c3f00000, 0x00000000eb180000)
  object space 44032K, 21% used [0x00000000c1400000,0x00000000c1d17a88,0x00000000c3f00000)
 Metaspace       used 20349K, capacity 21140K, committed 21248K, reserved 1067008K
  class space    used 2516K, capacity 2720K, committed 2816K, reserved 1048576K
Event: 3.882 GC heap after
Heap after GC invocations=8 (full 1):
 PSYoungGen      total 38912K, used 0K [0x00000000eb180000, 0x00000000efd80000, 0x0000000100000000)
  eden space 32768K, 0% used [0x00000000eb180000,0x00000000eb180000,0x00000000ed180000)
  from space 6144K, 0% used [0x00000000ed180000,0x00000000ed180000,0x00000000ed780000)
  to   space 6144K, 0% used [0x00000000ef780000,0x00000000ef780000,0x00000000efd80000)
 ParOldGen       total 31744K, used 6487K [0x00000000c1400000, 0x00000000c3300000, 0x00000000eb180000)
  object space 31744K, 20% used [0x00000000c1400000,0x00000000c1a55c28,0x00000000c3300000)
 Metaspace       used 20349K, capacity 21140K, committed 21248K, reserved 1067008K
  class space    used 2516K, capacity 2720K, committed 2816K, reserved 1048576K
}
Event: 4.989 GC heap before
{Heap before GC invocations=9 (full 1):
 PSYoungGen      total 38912K, used 32768K [0x00000000eb180000, 0x00000000efd80000, 0x0000000100000000)
  eden space 32768K, 100% used [0x00000000eb180000,0x00000000ed180000,0x00000000ed180000)
  from space 6144K, 0% used [0x00000000ed180000,0x00000000ed180000,0x00000000ed780000)
  to   space 6144K, 0% used [0x00000000ef780000,0x00000000ef780000,0x00000000efd80000)
 ParOldGen       total 31744K, used 6487K [0x00000000c1400000, 0x00000000c3300000, 0x00000000eb180000)
  object space 31744K, 20% used [0x00000000c1400000,0x00000000c1a55c28,0x00000000c3300000)
 Metaspace       used 23695K, capacity 24844K, committed 25088K, reserved 1071104K
  class space    used 2979K, capacity 3222K, committed 3328K, reserved 1048576K
Event: 5.001 GC heap after
Heap after GC invocations=9 (full 1):
 PSYoungGen      total 58880K, used 4365K [0x00000000eb180000, 0x00000000efc00000, 0x0000000100000000)
  eden space 54272K, 0% used [0x00000000eb180000,0x00000000eb180000,0x00000000ee680000)
  from space 4608K, 94% used [0x00000000ef780000,0x00000000efbc3550,0x00000000efc00000)
  to   space 6144K, 0% used [0x00000000ef000000,0x00000000ef000000,0x00000000ef600000)
 ParOldGen       total 31744K, used 6495K [0x00000000c1400000, 0x00000000c3300000, 0x00000000eb180000)
  object space 31744K, 20% used [0x00000000c1400000,0x00000000c1a57c28,0x00000000c3300000)
 Metaspace       used 23695K, capacity 24844K, committed 25088K, reserved 1071104K
  class space    used 2979K, capacity 3222K, committed 3328K, reserved 1048576K
}
Event: 7.392 GC heap before
{Heap before GC invocations=10 (full 1):
 PSYoungGen      total 58880K, used 58637K [0x00000000eb180000, 0x00000000efc00000, 0x0000000100000000)
  eden space 54272K, 100% used [0x00000000eb180000,0x00000000ee680000,0x00000000ee680000)
  from space 4608K, 94% used [0x00000000ef780000,0x00000000efbc3550,0x00000000efc00000)
  to   space 6144K, 0% used [0x00000000ef000000,0x00000000ef000000,0x00000000ef600000)
 ParOldGen       total 31744K, used 6495K [0x00000000c1400000, 0x00000000c3300000, 0x00000000eb180000)
  object space 31744K, 20% used [0x00000000c1400000,0x00000000c1a57c28,0x00000000c3300000)
 Metaspace       used 28585K, capacity 30170K, committed 30336K, reserved 1075200K
  class space    used 3564K, capacity 3843K, committed 3968K, reserved 1048576K
Event: 7.409 GC heap after
Heap after GC invocations=10 (full 1):
 PSYoungGen      total 70144K, used 6123K [0x00000000eb180000, 0x00000000f0780000, 0x0000000100000000)
  eden space 64000K, 0% used [0x00000000eb180000,0x00000000eb180000,0x00000000ef000000)
  from space 6144K, 99% used [0x00000000ef000000,0x00000000ef5fae88,0x00000000ef600000)
  to   space 6656K, 0% used [0x00000000f0100000,0x00000000f0100000,0x00000000f0780000)
 ParOldGen       total 31744K, used 7037K [0x00000000c1400000, 0x00000000c3300000, 0x00000000eb180000)
  object space 31744K, 22% used [0x00000000c1400000,0x00000000c1adf6b0,0x00000000c3300000)
 Metaspace       used 28585K, capacity 30170K, committed 30336K, reserved 1075200K
  class space    used 3564K, capacity 3843K, committed 3968K, reserved 1048576K
}
Event: 8.672 GC heap before
{Heap before GC invocations=11 (full 1):
 PSYoungGen      total 70144K, used 51569K [0x00000000eb180000, 0x00000000f0780000, 0x0000000100000000)
  eden space 64000K, 71% used [0x00000000eb180000,0x00000000edde18d0,0x00000000ef000000)
  from space 6144K, 99% used [0x00000000ef000000,0x00000000ef5fae88,0x00000000ef600000)
  to   space 6656K, 0% used [0x00000000f0100000,0x00000000f0100000,0x00000000f0780000)
 ParOldGen       total 31744K, used 7037K [0x00000000c1400000, 0x00000000c3300000, 0x00000000eb180000)
  object space 31744K, 22% used [0x00000000c1400000,0x00000000c1adf6b0,0x00000000c3300000)
 Metaspace       used 33330K, capacity 35341K, committed 35416K, reserved 1079296K
  class space    used 4261K, capacity 4621K, committed 4696K, reserved 1048576K
Event: 8.685 GC heap after
Heap after GC invocations=11 (full 1):
 PSYoungGen      total 79872K, used 6630K [0x00000000eb180000, 0x00000000f1680000, 0x0000000100000000)
  eden space 73216K, 0% used [0x00000000eb180000,0x00000000eb180000,0x00000000ef900000)
  from space 6656K, 99% used [0x00000000f0100000,0x00000000f07798a8,0x00000000f0780000)
  to   space 8192K, 0% used [0x00000000ef900000,0x00000000ef900000,0x00000000f0100000)
 ParOldGen       total 31744K, used 8981K [0x00000000c1400000, 0x00000000c3300000, 0x00000000eb180000)
  object space 31744K, 28% used [0x00000000c1400000,0x00000000c1cc5478,0x00000000c3300000)
 Metaspace       used 33330K, capacity 35341K, committed 35416K, reserved 1079296K
  class space    used 4261K, capacity 4621K, committed 4696K, reserved 1048576K
}
Event: 8.685 GC heap before
{Heap before GC invocations=12 (full 2):
 PSYoungGen      total 79872K, used 6630K [0x00000000eb180000, 0x00000000f1680000, 0x0000000100000000)
  eden space 73216K, 0% used [0x00000000eb180000,0x00000000eb180000,0x00000000ef900000)
  from space 6656K, 99% used [0x00000000f0100000,0x00000000f07798a8,0x00000000f0780000)
  to   space 8192K, 0% used [0x00000000ef900000,0x00000000ef900000,0x00000000f0100000)
 ParOldGen       total 31744K, used 8981K [0x00000000c1400000, 0x00000000c3300000, 0x00000000eb180000)
  object space 31744K, 28% used [0x00000000c1400000,0x00000000c1cc5478,0x00000000c3300000)
 Metaspace       used 33330K, capacity 35341K, committed 35416K, reserved 1079296K
  class space    used 4261K, capacity 4621K, committed 4696K, reserved 1048576K
Event: 8.763 GC heap after
Heap after GC invocations=12 (full 2):
 PSYoungGen      total 79872K, used 0K [0x00000000eb180000, 0x00000000f1680000, 0x0000000100000000)
  eden space 73216K, 0% used [0x00000000eb180000,0x00000000eb180000,0x00000000ef900000)
  from space 6656K, 0% used [0x00000000f0100000,0x00000000f0100000,0x00000000f0780000)
  to   space 8192K, 0% used [0x00000000ef900000,0x00000000ef900000,0x00000000f0100000)
 ParOldGen       total 49664K, used 12810K [0x00000000c1400000, 0x00000000c4480000, 0x00000000eb180000)
  object space 49664K, 25% used [0x00000000c1400000,0x00000000c20828a0,0x00000000c4480000)
 Metaspace       used 33330K, capacity 35341K, committed 35416K, reserved 1079296K
  class space    used 4261K, capacity 4621K, committed 4696K, reserved 1048576K
}

