# JRE version: Java(TM) SE Runtime Environment (8.0_181-b13) (build 1.8.0_181-b13)
# Java VM: Java HotSpot(TM) 64-Bit Server VM (25.181-b13 mixed mode windows-amd64 compressed oops)
Heap:
 PSYoungGen      total 140800K, used 78624K [0x00000000eb180000, 0x00000000f4a80000, 0x0000000100000000)
  eden space 131072K, 52% used [0x00000000eb180000,0x00000000ef4c82a0,0x00000000f3180000)
  from space 9728K, 99% used [0x00000000f4100000,0x00000000f4a7feb8,0x00000000f4a80000)
  to   space 12288K, 0% used [0x00000000f3280000,0x00000000f3280000,0x00000000f3e80000)
 ParOldGen       total 48640K, used 13293K [0x00000000c1400000, 0x00000000c4380000, 0x00000000eb180000)
  object space 48640K, 27% used [0x00000000c1400000,0x00000000c20fb580,0x00000000c4380000)
 Metaspace       used 50418K, capacity 53284K, committed 53464K, reserved 1095680K
  class space    used 6102K, capacity 6584K, committed 6616K, reserved 1048576K
GC Heap History (10 events):
Event: 4.119 GC heap before
{Heap before GC invocations=8 (full 1):
 PSYoungGen      total 73216K, used 65536K [0x00000000eb180000, 0x00000000f0080000, 0x0000000100000000)
  eden space 65536K, 100% used [0x00000000eb180000,0x00000000ef180000,0x00000000ef180000)
  from space 7680K, 0% used [0x00000000ef900000,0x00000000ef900000,0x00000000f0080000)
  to   space 7680K, 0% used [0x00000000ef180000,0x00000000ef180000,0x00000000ef900000)
 ParOldGen       total 35328K, used 6537K [0x00000000c1400000, 0x00000000c3680000, 0x00000000eb180000)
  object space 35328K, 18% used [0x00000000c1400000,0x00000000c1a62498,0x00000000c3680000)
 Metaspace       used 27237K, capacity 28784K, committed 28928K, reserved 1075200K
  class space    used 3442K, capacity 3736K, committed 3840K, reserved 1048576K
Event: 4.130 GC heap after
Heap after GC invocations=8 (full 1):
 PSYoungGen      total 73216K, used 7678K [0x00000000eb180000, 0x00000000f2380000, 0x0000000100000000)
  eden space 65536K, 0% used [0x00000000eb180000,0x00000000eb180000,0x00000000ef180000)
  from space 7680K, 99% used [0x00000000ef180000,0x00000000ef8ffb08,0x00000000ef900000)
  to   space 9216K, 0% used [0x00000000f1a80000,0x00000000f1a80000,0x00000000f2380000)
 ParOldGen       total 35328K, used 7323K [0x00000000c1400000, 0x00000000c3680000, 0x00000000eb180000)
  object space 35328K, 20% used [0x00000000c1400000,0x00000000c1b26f78,0x00000000c3680000)
 Metaspace       used 27237K, capacity 28784K, committed 28928K, reserved 1075200K
  class space    used 3442K, capacity 3736K, committed 3840K, reserved 1048576K
}
Event: 5.139 GC heap before
{Heap before GC invocations=9 (full 1):
 PSYoungGen      total 73216K, used 73214K [0x00000000eb180000, 0x00000000f2380000, 0x0000000100000000)
  eden space 65536K, 100% used [0x00000000eb180000,0x00000000ef180000,0x00000000ef180000)
  from space 7680K, 99% used [0x00000000ef180000,0x00000000ef8ffb08,0x00000000ef900000)
  to   space 9216K, 0% used [0x00000000f1a80000,0x00000000f1a80000,0x00000000f2380000)
 ParOldGen       total 35328K, used 7323K [0x00000000c1400000, 0x00000000c3680000, 0x00000000eb180000)
  object space 35328K, 20% used [0x00000000c1400000,0x00000000c1b26f78,0x00000000c3680000)
 Metaspace       used 33187K, capacity 35094K, committed 35416K, reserved 1079296K
  class space    used 4246K, capacity 4609K, committed 4696K, reserved 1048576K
Event: 5.155 GC heap after
Heap after GC invocations=9 (full 1):
 PSYoungGen      total 106496K, used 8860K [0x00000000eb180000, 0x00000000f2580000, 0x0000000100000000)
  eden space 97280K, 0% used [0x00000000eb180000,0x00000000eb180000,0x00000000f1080000)
  from space 9216K, 96% used [0x00000000f1a80000,0x00000000f23272e0,0x00000000f2380000)
  to   space 10240K, 0% used [0x00000000f1080000,0x00000000f1080000,0x00000000f1a80000)
 ParOldGen       total 35328K, used 7395K [0x00000000c1400000, 0x00000000c3680000, 0x00000000eb180000)
  object space 35328K, 20% used [0x00000000c1400000,0x00000000c1b38f88,0x00000000c3680000)
 Metaspace       used 33187K, capacity 35094K, committed 35416K, reserved 1079296K
  class space    used 4246K, capacity 4609K, committed 4696K, reserved 1048576K
}
Event: 5.252 GC heap before
{Heap before GC invocations=10 (full 1):
 PSYoungGen      total 106496K, used 15818K [0x00000000eb180000, 0x00000000f2580000, 0x0000000100000000)
  eden space 97280K, 7% used [0x00000000eb180000,0x00000000eb84b8b8,0x00000000f1080000)
  from space 9216K, 96% used [0x00000000f1a80000,0x00000000f23272e0,0x00000000f2380000)
  to   space 10240K, 0% used [0x00000000f1080000,0x00000000f1080000,0x00000000f1a80000)
 ParOldGen       total 35328K, used 7395K [0x00000000c1400000, 0x00000000c3680000, 0x00000000eb180000)
  object space 35328K, 20% used [0x00000000c1400000,0x00000000c1b38f88,0x00000000c3680000)
 Metaspace       used 33347K, capacity 35322K, committed 35416K, reserved 1079296K
  class space    used 4269K, capacity 4625K, committed 4696K, reserved 1048576K
Event: 5.262 GC heap after
Heap after GC invocations=10 (full 1):
 PSYoungGen      total 107520K, used 5898K [0x00000000eb180000, 0x00000000f4a80000, 0x0000000100000000)
  eden space 97280K, 0% used [0x00000000eb180000,0x00000000eb180000,0x00000000f1080000)
  from space 10240K, 57% used [0x00000000f1080000,0x00000000f1642980,0x00000000f1a80000)
  to   space 9728K, 0% used [0x00000000f4100000,0x00000000f4100000,0x00000000f4a80000)
 ParOldGen       total 35328K, used 7403K [0x00000000c1400000, 0x00000000c3680000, 0x00000000eb180000)
  object space 35328K, 20% used [0x00000000c1400000,0x00000000c1b3af88,0x00000000c3680000)
 Metaspace       used 33347K, capacity 35322K, committed 35416K, reserved 1079296K
  class space    used 4269K, capacity 4625K, committed 4696K, reserved 1048576K
}
Event: 5.262 GC heap before
{Heap before GC invocations=11 (full 2):
 PSYoungGen      total 107520K, used 5898K [0x00000000eb180000, 0x00000000f4a80000, 0x0000000100000000)
  eden space 97280K, 0% used [0x00000000eb180000,0x00000000eb180000,0x00000000f1080000)
  from space 10240K, 57% used [0x00000000f1080000,0x00000000f1642980,0x00000000f1a80000)
  to   space 9728K, 0% used [0x00000000f4100000,0x00000000f4100000,0x00000000f4a80000)
 ParOldGen       total 35328K, used 7403K [0x00000000c1400000, 0x00000000c3680000, 0x00000000eb180000)
  object space 35328K, 20% used [0x00000000c1400000,0x00000000c1b3af88,0x00000000c3680000)
 Metaspace       used 33347K, capacity 35322K, committed 35416K, reserved 1079296K
  class space    used 4269K, capacity 4625K, committed 4696K, reserved 1048576K
Event: 5.322 GC heap after
Heap after GC invocations=11 (full 2):
 PSYoungGen      total 107520K, used 0K [0x00000000eb180000, 0x00000000f4a80000, 0x0000000100000000)
  eden space 97280K, 0% used [0x00000000eb180000,0x00000000eb180000,0x00000000f1080000)
  from space 10240K, 0% used [0x00000000f1080000,0x00000000f1080000,0x00000000f1a80000)
  to   space 9728K, 0% used [0x00000000f4100000,0x00000000f4100000,0x00000000f4a80000)
 ParOldGen       total 48640K, used 10664K [0x00000000c1400000, 0x00000000c4380000, 0x00000000eb180000)
  object space 48640K, 21% used [0x00000000c1400000,0x00000000c1e6a1d8,0x00000000c4380000)
 Metaspace       used 33347K, capacity 35322K, committed 35416K, reserved 1079296K
  class space    used 4269K, capacity 4625K, committed 4696K, reserved 1048576K
}
Event: 13.930 GC heap before
{Heap before GC invocations=12 (full 2):
 PSYoungGen      total 107520K, used 97280K [0x00000000eb180000, 0x00000000f4a80000, 0x0000000100000000)
  eden space 97280K, 100% used [0x00000000eb180000,0x00000000f1080000,0x00000000f1080000)
  from space 10240K, 0% used [0x00000000f1080000,0x00000000f1080000,0x00000000f1a80000)
  to   space 9728K, 0% used [0x00000000f4100000,0x00000000f4100000,0x00000000f4a80000)
 ParOldGen       total 48640K, used 10664K [0x00000000c1400000, 0x00000000c4380000, 0x00000000eb180000)
  object space 48640K, 21% used [0x00000000c1400000,0x00000000c1e6a1d8,0x00000000c4380000)
 Metaspace       used 42551K, capacity 45290K, committed 45400K, reserved 1089536K
  class space    used 5439K, capacity 5929K, committed 5976K, reserved 1048576K
Event: 13.946 GC heap after
Heap after GC invocations=12 (full 2):
 PSYoungGen      total 140800K, used 9727K [0x00000000eb180000, 0x00000000f4a80000, 0x0000000100000000)
  eden space 131072K, 0% used [0x00000000eb180000,0x00000000eb180000,0x00000000f3180000)
  from space 9728K, 99% used [0x00000000f4100000,0x00000000f4a7feb8,0x00000000f4a80000)
  to   space 12288K, 0% used [0x00000000f3280000,0x00000000f3280000,0x00000000f3e80000)
 ParOldGen       total 48640K, used 13293K [0x00000000c1400000, 0x00000000c4380000, 0x00000000eb180000)
  object space 48640K, 27% used [0x00000000c1400000,0x00000000c20fb580,0x00000000c4380000)
 Metaspace       used 42551K, capacity 45290K, committed 45400K, reserved 1089536K
  class space    used 5439K, capacity 5929K, committed 5976K, reserved 1048576K
}

