# JRE version: Java(TM) SE Runtime Environment (8.0_181-b13) (build 1.8.0_181-b13)
# Java VM: Java HotSpot(TM) 64-Bit Server VM (25.181-b13 mixed mode windows-amd64 compressed oops)
Heap:
 PSYoungGen      total 111616K, used 65543K [0x00000000eb180000, 0x00000000f5100000, 0x0000000100000000)
  eden space 101376K, 64% used [0x00000000eb180000,0x00000000ef181e30,0x00000000f1480000)
  from space 10240K, 0% used [0x00000000f1480000,0x00000000f1480000,0x00000000f1e80000)
  to   space 9728K, 0% used [0x00000000f4780000,0x00000000f4780000,0x00000000f5100000)
 ParOldGen       total 47104K, used 10636K [0x00000000c1400000, 0x00000000c4200000, 0x00000000eb180000)
  object space 47104K, 22% used [0x00000000c1400000,0x00000000c1e632c8,0x00000000c4200000)
 Metaspace       used 38717K, capacity 41298K, committed 41560K, reserved 1085440K
  class space    used 4970K, capacity 5429K, committed 5464K, reserved 1048576K
GC Heap History (10 events):
Event: 3.228 GC heap before
{Heap before GC invocations=7 (full 1):
 PSYoungGen      total 73216K, used 5694K [0x00000000eb180000, 0x00000000f0080000, 0x0000000100000000)
  eden space 65536K, 0% used [0x00000000eb180000,0x00000000eb180000,0x00000000ef180000)
  from space 7680K, 74% used [0x00000000ef900000,0x00000000efe8fa90,0x00000000f0080000)
  to   space 7680K, 0% used [0x00000000ef180000,0x00000000ef180000,0x00000000ef900000)
 ParOldGen       total 44032K, used 9930K [0x00000000c1400000, 0x00000000c3f00000, 0x00000000eb180000)
  object space 44032K, 22% used [0x00000000c1400000,0x00000000c1db28f0,0x00000000c3f00000)
 Metaspace       used 20347K, capacity 21140K, committed 21248K, reserved 1067008K
  class space    used 2518K, capacity 2720K, committed 2816K, reserved 1048576K
Event: 3.262 GC heap after
Heap after GC invocations=7 (full 1):
 PSYoungGen      total 73216K, used 0K [0x00000000eb180000, 0x00000000f0080000, 0x0000000100000000)
  eden space 65536K, 0% used [0x00000000eb180000,0x00000000eb180000,0x00000000ef180000)
  from space 7680K, 0% used [0x00000000ef900000,0x00000000ef900000,0x00000000f0080000)
  to   space 7680K, 0% used [0x00000000ef180000,0x00000000ef180000,0x00000000ef900000)
 ParOldGen       total 34816K, used 6554K [0x00000000c1400000, 0x00000000c3600000, 0x00000000eb180000)
  object space 34816K, 18% used [0x00000000c1400000,0x00000000c1a66ac8,0x00000000c3600000)
 Metaspace       used 20347K, capacity 21140K, committed 21248K, reserved 1067008K
  class space    used 2518K, capacity 2720K, committed 2816K, reserved 1048576K
}
Event: 4.884 GC heap before
{Heap before GC invocations=8 (full 1):
 PSYoungGen      total 73216K, used 65536K [0x00000000eb180000, 0x00000000f0080000, 0x0000000100000000)
  eden space 65536K, 100% used [0x00000000eb180000,0x00000000ef180000,0x00000000ef180000)
  from space 7680K, 0% used [0x00000000ef900000,0x00000000ef900000,0x00000000f0080000)
  to   space 7680K, 0% used [0x00000000ef180000,0x00000000ef180000,0x00000000ef900000)
 ParOldGen       total 34816K, used 6554K [0x00000000c1400000, 0x00000000c3600000, 0x00000000eb180000)
  object space 34816K, 18% used [0x00000000c1400000,0x00000000c1a66ac8,0x00000000c3600000)
 Metaspace       used 27252K, capacity 28784K, committed 28928K, reserved 1075200K
  class space    used 3443K, capacity 3736K, committed 3840K, reserved 1048576K
Event: 4.901 GC heap after
Heap after GC invocations=8 (full 1):
 PSYoungGen      total 73216K, used 7654K [0x00000000eb180000, 0x00000000f2880000, 0x0000000100000000)
  eden space 65536K, 0% used [0x00000000eb180000,0x00000000eb180000,0x00000000ef180000)
  from space 7680K, 99% used [0x00000000ef180000,0x00000000ef8f9910,0x00000000ef900000)
  to   space 9216K, 0% used [0x00000000f1f80000,0x00000000f1f80000,0x00000000f2880000)
 ParOldGen       total 34816K, used 7305K [0x00000000c1400000, 0x00000000c3600000, 0x00000000eb180000)
  object space 34816K, 20% used [0x00000000c1400000,0x00000000c1b225f0,0x00000000c3600000)
 Metaspace       used 27252K, capacity 28784K, committed 28928K, reserved 1075200K
  class space    used 3443K, capacity 3736K, committed 3840K, reserved 1048576K
}
Event: 6.590 GC heap before
{Heap before GC invocations=9 (full 1):
 PSYoungGen      total 73216K, used 73190K [0x00000000eb180000, 0x00000000f2880000, 0x0000000100000000)
  eden space 65536K, 100% used [0x00000000eb180000,0x00000000ef180000,0x00000000ef180000)
  from space 7680K, 99% used [0x00000000ef180000,0x00000000ef8f9910,0x00000000ef900000)
  to   space 9216K, 0% used [0x00000000f1f80000,0x00000000f1f80000,0x00000000f2880000)
 ParOldGen       total 34816K, used 7305K [0x00000000c1400000, 0x00000000c3600000, 0x00000000eb180000)
  object space 34816K, 20% used [0x00000000c1400000,0x00000000c1b225f0,0x00000000c3600000)
 Metaspace       used 33097K, capacity 34960K, committed 35072K, reserved 1079296K
  class space    used 4228K, capacity 4558K, committed 4608K, reserved 1048576K
Event: 6.604 GC heap after
Heap after GC invocations=9 (full 1):
 PSYoungGen      total 110592K, used 8773K [0x00000000eb180000, 0x00000000f2880000, 0x0000000100000000)
  eden space 101376K, 0% used [0x00000000eb180000,0x00000000eb180000,0x00000000f1480000)
  from space 9216K, 95% used [0x00000000f1f80000,0x00000000f28117c8,0x00000000f2880000)
  to   space 10240K, 0% used [0x00000000f1480000,0x00000000f1480000,0x00000000f1e80000)
 ParOldGen       total 34816K, used 7377K [0x00000000c1400000, 0x00000000c3600000, 0x00000000eb180000)
  object space 34816K, 21% used [0x00000000c1400000,0x00000000c1b34600,0x00000000c3600000)
 Metaspace       used 33097K, capacity 34960K, committed 35072K, reserved 1079296K
  class space    used 4228K, capacity 4558K, committed 4608K, reserved 1048576K
}
Event: 6.733 GC heap before
{Heap before GC invocations=10 (full 1):
 PSYoungGen      total 110592K, used 14341K [0x00000000eb180000, 0x00000000f2880000, 0x0000000100000000)
  eden space 101376K, 5% used [0x00000000eb180000,0x00000000eb6f0018,0x00000000f1480000)
  from space 9216K, 95% used [0x00000000f1f80000,0x00000000f28117c8,0x00000000f2880000)
  to   space 10240K, 0% used [0x00000000f1480000,0x00000000f1480000,0x00000000f1e80000)
 ParOldGen       total 34816K, used 7377K [0x00000000c1400000, 0x00000000c3600000, 0x00000000eb180000)
  object space 34816K, 21% used [0x00000000c1400000,0x00000000c1b34600,0x00000000c3600000)
 Metaspace       used 33345K, capacity 35310K, committed 35416K, reserved 1079296K
  class space    used 4270K, capacity 4625K, committed 4696K, reserved 1048576K
Event: 6.741 GC heap after
Heap after GC invocations=10 (full 1):
 PSYoungGen      total 111616K, used 5822K [0x00000000eb180000, 0x00000000f5100000, 0x0000000100000000)
  eden space 101376K, 0% used [0x00000000eb180000,0x00000000eb180000,0x00000000f1480000)
  from space 10240K, 56% used [0x00000000f1480000,0x00000000f1a2f990,0x00000000f1e80000)
  to   space 9728K, 0% used [0x00000000f4780000,0x00000000f4780000,0x00000000f5100000)
 ParOldGen       total 34816K, used 7385K [0x00000000c1400000, 0x00000000c3600000, 0x00000000eb180000)
  object space 34816K, 21% used [0x00000000c1400000,0x00000000c1b36600,0x00000000c3600000)
 Metaspace       used 33345K, capacity 35310K, committed 35416K, reserved 1079296K
  class space    used 4270K, capacity 4625K, committed 4696K, reserved 1048576K
}
Event: 6.741 GC heap before
{Heap before GC invocations=11 (full 2):
 PSYoungGen      total 111616K, used 5822K [0x00000000eb180000, 0x00000000f5100000, 0x0000000100000000)
  eden space 101376K, 0% used [0x00000000eb180000,0x00000000eb180000,0x00000000f1480000)
  from space 10240K, 56% used [0x00000000f1480000,0x00000000f1a2f990,0x00000000f1e80000)
  to   space 9728K, 0% used [0x00000000f4780000,0x00000000f4780000,0x00000000f5100000)
 ParOldGen       total 34816K, used 7385K [0x00000000c1400000, 0x00000000c3600000, 0x00000000eb180000)
  object space 34816K, 21% used [0x00000000c1400000,0x00000000c1b36600,0x00000000c3600000)
 Metaspace       used 33345K, capacity 35310K, committed 35416K, reserved 1079296K
  class space    used 4270K, capacity 4625K, committed 4696K, reserved 1048576K
Event: 6.805 GC heap after
Heap after GC invocations=11 (full 2):
 PSYoungGen      total 111616K, used 0K [0x00000000eb180000, 0x00000000f5100000, 0x0000000100000000)
  eden space 101376K, 0% used [0x00000000eb180000,0x00000000eb180000,0x00000000f1480000)
  from space 10240K, 0% used [0x00000000f1480000,0x00000000f1480000,0x00000000f1e80000)
  to   space 9728K, 0% used [0x00000000f4780000,0x00000000f4780000,0x00000000f5100000)
 ParOldGen       total 47104K, used 10636K [0x00000000c1400000, 0x00000000c4200000, 0x00000000eb180000)
  object space 47104K, 22% used [0x00000000c1400000,0x00000000c1e632c8,0x00000000c4200000)
 Metaspace       used 33345K, capacity 35310K, committed 35416K, reserved 1079296K
  class space    used 4270K, capacity 4625K, committed 4696K, reserved 1048576K
}

