# JRE version: Java(TM) SE Runtime Environment (8.0_181-b13) (build 1.8.0_181-b13)
# Java VM: Java HotSpot(TM) 64-Bit Server VM (25.181-b13 mixed mode windows-amd64 compressed oops)
Heap:
 PSYoungGen      total 136704K, used 71752K [0x00000000eb180000, 0x00000000f4600000, 0x0000000100000000)
  eden space 126976K, 48% used [0x00000000eb180000,0x00000000eee12678,0x00000000f2d80000)
  from space 9728K, 99% used [0x00000000f3900000,0x00000000f427fc78,0x00000000f4280000)
  to   space 11776K, 0% used [0x00000000f2d80000,0x00000000f2d80000,0x00000000f3900000)
 ParOldGen       total 48640K, used 12826K [0x00000000c1400000, 0x00000000c4380000, 0x00000000eb180000)
  object space 48640K, 26% used [0x00000000c1400000,0x00000000c20869b8,0x00000000c4380000)
 Metaspace       used 50115K, capacity 52934K, committed 53208K, reserved 1095680K
  class space    used 6098K, capacity 6550K, committed 6616K, reserved 1048576K
GC Heap History (10 events):
Event: 5.189 GC heap before
{Heap before GC invocations=8 (full 1):
 PSYoungGen      total 73216K, used 65536K [0x00000000eb180000, 0x00000000f0080000, 0x0000000100000000)
  eden space 65536K, 100% used [0x00000000eb180000,0x00000000ef180000,0x00000000ef180000)
  from space 7680K, 0% used [0x00000000ef900000,0x00000000ef900000,0x00000000f0080000)
  to   space 7680K, 0% used [0x00000000ef180000,0x00000000ef180000,0x00000000ef900000)
 ParOldGen       total 36352K, used 6511K [0x00000000c1400000, 0x00000000c3780000, 0x00000000eb180000)
  object space 36352K, 17% used [0x00000000c1400000,0x00000000c1a5be18,0x00000000c3780000)
 Metaspace       used 27276K, capacity 28860K, committed 29184K, reserved 1075200K
  class space    used 3438K, capacity 3736K, committed 3840K, reserved 1048576K
Event: 5.197 GC heap after
Heap after GC invocations=8 (full 1):
 PSYoungGen      total 73216K, used 7656K [0x00000000eb180000, 0x00000000f2100000, 0x0000000100000000)
  eden space 65536K, 0% used [0x00000000eb180000,0x00000000eb180000,0x00000000ef180000)
  from space 7680K, 99% used [0x00000000ef180000,0x00000000ef8fa340,0x00000000ef900000)
  to   space 9216K, 0% used [0x00000000f1800000,0x00000000f1800000,0x00000000f2100000)
 ParOldGen       total 36352K, used 7335K [0x00000000c1400000, 0x00000000c3780000, 0x00000000eb180000)
  object space 36352K, 20% used [0x00000000c1400000,0x00000000c1b29dc0,0x00000000c3780000)
 Metaspace       used 27276K, capacity 28860K, committed 29184K, reserved 1075200K
  class space    used 3438K, capacity 3736K, committed 3840K, reserved 1048576K
}
Event: 6.309 GC heap before
{Heap before GC invocations=9 (full 1):
 PSYoungGen      total 73216K, used 73192K [0x00000000eb180000, 0x00000000f2100000, 0x0000000100000000)
  eden space 65536K, 100% used [0x00000000eb180000,0x00000000ef180000,0x00000000ef180000)
  from space 7680K, 99% used [0x00000000ef180000,0x00000000ef8fa340,0x00000000ef900000)
  to   space 9216K, 0% used [0x00000000f1800000,0x00000000f1800000,0x00000000f2100000)
 ParOldGen       total 36352K, used 7335K [0x00000000c1400000, 0x00000000c3780000, 0x00000000eb180000)
  object space 36352K, 20% used [0x00000000c1400000,0x00000000c1b29dc0,0x00000000c3780000)
 Metaspace       used 33174K, capacity 35062K, committed 35328K, reserved 1079296K
  class space    used 4235K, capacity 4563K, committed 4608K, reserved 1048576K
Event: 6.321 GC heap after
Heap after GC invocations=9 (full 1):
 PSYoungGen      total 103424K, used 8818K [0x00000000eb180000, 0x00000000f2180000, 0x0000000100000000)
  eden space 94208K, 0% used [0x00000000eb180000,0x00000000eb180000,0x00000000f0d80000)
  from space 9216K, 95% used [0x00000000f1800000,0x00000000f209cb68,0x00000000f2100000)
  to   space 10240K, 0% used [0x00000000f0d80000,0x00000000f0d80000,0x00000000f1780000)
 ParOldGen       total 36352K, used 7407K [0x00000000c1400000, 0x00000000c3780000, 0x00000000eb180000)
  object space 36352K, 20% used [0x00000000c1400000,0x00000000c1b3bdd0,0x00000000c3780000)
 Metaspace       used 33174K, capacity 35062K, committed 35328K, reserved 1079296K
  class space    used 4235K, capacity 4563K, committed 4608K, reserved 1048576K
}
Event: 6.421 GC heap before
{Heap before GC invocations=10 (full 1):
 PSYoungGen      total 103424K, used 13977K [0x00000000eb180000, 0x00000000f2180000, 0x0000000100000000)
  eden space 94208K, 5% used [0x00000000eb180000,0x00000000eb689a68,0x00000000f0d80000)
  from space 9216K, 95% used [0x00000000f1800000,0x00000000f209cb68,0x00000000f2100000)
  to   space 10240K, 0% used [0x00000000f0d80000,0x00000000f0d80000,0x00000000f1780000)
 ParOldGen       total 36352K, used 7407K [0x00000000c1400000, 0x00000000c3780000, 0x00000000eb180000)
  object space 36352K, 20% used [0x00000000c1400000,0x00000000c1b3bdd0,0x00000000c3780000)
 Metaspace       used 33344K, capacity 35326K, committed 35416K, reserved 1079296K
  class space    used 4267K, capacity 4625K, committed 4696K, reserved 1048576K
Event: 6.429 GC heap after
Heap after GC invocations=10 (full 1):
 PSYoungGen      total 104448K, used 5806K [0x00000000eb180000, 0x00000000f4280000, 0x0000000100000000)
  eden space 94208K, 0% used [0x00000000eb180000,0x00000000eb180000,0x00000000f0d80000)
  from space 10240K, 56% used [0x00000000f0d80000,0x00000000f132b9a0,0x00000000f1780000)
  to   space 9728K, 0% used [0x00000000f3900000,0x00000000f3900000,0x00000000f4280000)
 ParOldGen       total 36352K, used 7415K [0x00000000c1400000, 0x00000000c3780000, 0x00000000eb180000)
  object space 36352K, 20% used [0x00000000c1400000,0x00000000c1b3ddd0,0x00000000c3780000)
 Metaspace       used 33344K, capacity 35326K, committed 35416K, reserved 1079296K
  class space    used 4267K, capacity 4625K, committed 4696K, reserved 1048576K
}
Event: 6.429 GC heap before
{Heap before GC invocations=11 (full 2):
 PSYoungGen      total 104448K, used 5806K [0x00000000eb180000, 0x00000000f4280000, 0x0000000100000000)
  eden space 94208K, 0% used [0x00000000eb180000,0x00000000eb180000,0x00000000f0d80000)
  from space 10240K, 56% used [0x00000000f0d80000,0x00000000f132b9a0,0x00000000f1780000)
  to   space 9728K, 0% used [0x00000000f3900000,0x00000000f3900000,0x00000000f4280000)
 ParOldGen       total 36352K, used 7415K [0x00000000c1400000, 0x00000000c3780000, 0x00000000eb180000)
  object space 36352K, 20% used [0x00000000c1400000,0x00000000c1b3ddd0,0x00000000c3780000)
 Metaspace       used 33344K, capacity 35326K, committed 35416K, reserved 1079296K
  class space    used 4267K, capacity 4625K, committed 4696K, reserved 1048576K
Event: 6.477 GC heap after
Heap after GC invocations=11 (full 2):
 PSYoungGen      total 104448K, used 0K [0x00000000eb180000, 0x00000000f4280000, 0x0000000100000000)
  eden space 94208K, 0% used [0x00000000eb180000,0x00000000eb180000,0x00000000f0d80000)
  from space 10240K, 0% used [0x00000000f0d80000,0x00000000f0d80000,0x00000000f1780000)
  to   space 9728K, 0% used [0x00000000f3900000,0x00000000f3900000,0x00000000f4280000)
 ParOldGen       total 48640K, used 10555K [0x00000000c1400000, 0x00000000c4380000, 0x00000000eb180000)
  object space 48640K, 21% used [0x00000000c1400000,0x00000000c1e4eee8,0x00000000c4380000)
 Metaspace       used 33344K, capacity 35326K, committed 35416K, reserved 1079296K
  class space    used 4267K, capacity 4625K, committed 4696K, reserved 1048576K
}
Event: 8.406 GC heap before
{Heap before GC invocations=12 (full 2):
 PSYoungGen      total 104448K, used 94208K [0x00000000eb180000, 0x00000000f4280000, 0x0000000100000000)
  eden space 94208K, 100% used [0x00000000eb180000,0x00000000f0d80000,0x00000000f0d80000)
  from space 10240K, 0% used [0x00000000f0d80000,0x00000000f0d80000,0x00000000f1780000)
  to   space 9728K, 0% used [0x00000000f3900000,0x00000000f3900000,0x00000000f4280000)
 ParOldGen       total 48640K, used 10555K [0x00000000c1400000, 0x00000000c4380000, 0x00000000eb180000)
  object space 48640K, 21% used [0x00000000c1400000,0x00000000c1e4eee8,0x00000000c4380000)
 Metaspace       used 42283K, capacity 45052K, committed 45144K, reserved 1089536K
  class space    used 5405K, capacity 5890K, committed 5976K, reserved 1048576K
Event: 8.423 GC heap after
Heap after GC invocations=12 (full 2):
 PSYoungGen      total 136704K, used 9727K [0x00000000eb180000, 0x00000000f4600000, 0x0000000100000000)
  eden space 126976K, 0% used [0x00000000eb180000,0x00000000eb180000,0x00000000f2d80000)
  from space 9728K, 99% used [0x00000000f3900000,0x00000000f427fc78,0x00000000f4280000)
  to   space 11776K, 0% used [0x00000000f2d80000,0x00000000f2d80000,0x00000000f3900000)
 ParOldGen       total 48640K, used 12826K [0x00000000c1400000, 0x00000000c4380000, 0x00000000eb180000)
  object space 48640K, 26% used [0x00000000c1400000,0x00000000c20869b8,0x00000000c4380000)
 Metaspace       used 42283K, capacity 45052K, committed 45144K, reserved 1089536K
  class space    used 5405K, capacity 5890K, committed 5976K, reserved 1048576K
}

