# JRE version: Java(TM) SE Runtime Environment (8.0_181-b13) (build 1.8.0_181-b13)
# Java VM: Java HotSpot(TM) 64-Bit Server VM (25.181-b13 mixed mode windows-amd64 compressed oops)
Heap:
 PSYoungGen      total 152576K, used 72139K [0x00000000eb180000, 0x00000000f5800000, 0x0000000100000000)
  eden space 142848K, 43% used [0x00000000eb180000,0x00000000eee7a750,0x00000000f3d00000)
  from space 9728K, 99% used [0x00000000f4e80000,0x00000000f57f85d8,0x00000000f5800000)
  to   space 12288K, 0% used [0x00000000f4000000,0x00000000f4000000,0x00000000f4c00000)
 ParOldGen       total 45568K, used 14372K [0x00000000c1400000, 0x00000000c4080000, 0x00000000eb180000)
  object space 45568K, 31% used [0x00000000c1400000,0x00000000c22093c8,0x00000000c4080000)
 Metaspace       used 50459K, capacity 53292K, committed 53464K, reserved 1095680K
  class space    used 6109K, capacity 6584K, committed 6616K, reserved 1048576K
GC Heap History (10 events):
Event: 4.368 GC heap before
{Heap before GC invocations=8 (full 1):
 PSYoungGen      total 73216K, used 65536K [0x00000000eb180000, 0x00000000f0080000, 0x0000000100000000)
  eden space 65536K, 100% used [0x00000000eb180000,0x00000000ef180000,0x00000000ef180000)
  from space 7680K, 0% used [0x00000000ef900000,0x00000000ef900000,0x00000000f0080000)
  to   space 7680K, 0% used [0x00000000ef180000,0x00000000ef180000,0x00000000ef900000)
 ParOldGen       total 33792K, used 6491K [0x00000000c1400000, 0x00000000c3500000, 0x00000000eb180000)
  object space 33792K, 19% used [0x00000000c1400000,0x00000000c1a56e00,0x00000000c3500000)
 Metaspace       used 27252K, capacity 28788K, committed 28928K, reserved 1075200K
  class space    used 3439K, capacity 3736K, committed 3840K, reserved 1048576K
Event: 4.379 GC heap after
Heap after GC invocations=8 (full 1):
 PSYoungGen      total 73216K, used 7651K [0x00000000eb180000, 0x00000000f2a80000, 0x0000000100000000)
  eden space 65536K, 0% used [0x00000000eb180000,0x00000000eb180000,0x00000000ef180000)
  from space 7680K, 99% used [0x00000000ef180000,0x00000000ef8f8de8,0x00000000ef900000)
  to   space 9216K, 0% used [0x00000000f2180000,0x00000000f2180000,0x00000000f2a80000)
 ParOldGen       total 33792K, used 7287K [0x00000000c1400000, 0x00000000c3500000, 0x00000000eb180000)
  object space 33792K, 21% used [0x00000000c1400000,0x00000000c1b1dda0,0x00000000c3500000)
 Metaspace       used 27252K, capacity 28788K, committed 28928K, reserved 1075200K
  class space    used 3439K, capacity 3736K, committed 3840K, reserved 1048576K
}
Event: 5.251 GC heap before
{Heap before GC invocations=9 (full 1):
 PSYoungGen      total 73216K, used 73187K [0x00000000eb180000, 0x00000000f2a80000, 0x0000000100000000)
  eden space 65536K, 100% used [0x00000000eb180000,0x00000000ef180000,0x00000000ef180000)
  from space 7680K, 99% used [0x00000000ef180000,0x00000000ef8f8de8,0x00000000ef900000)
  to   space 9216K, 0% used [0x00000000f2180000,0x00000000f2180000,0x00000000f2a80000)
 ParOldGen       total 33792K, used 7287K [0x00000000c1400000, 0x00000000c3500000, 0x00000000eb180000)
  object space 33792K, 21% used [0x00000000c1400000,0x00000000c1b1dda0,0x00000000c3500000)
 Metaspace       used 33207K, capacity 35198K, committed 35416K, reserved 1079296K
  class space    used 4252K, capacity 4617K, committed 4696K, reserved 1048576K
Event: 5.264 GC heap after
Heap after GC invocations=9 (full 1):
 PSYoungGen      total 113664K, used 8828K [0x00000000eb180000, 0x00000000f2b80000, 0x0000000100000000)
  eden space 104448K, 0% used [0x00000000eb180000,0x00000000eb180000,0x00000000f1780000)
  from space 9216K, 95% used [0x00000000f2180000,0x00000000f2a1f160,0x00000000f2a80000)
  to   space 10240K, 0% used [0x00000000f1780000,0x00000000f1780000,0x00000000f2180000)
 ParOldGen       total 33792K, used 7359K [0x00000000c1400000, 0x00000000c3500000, 0x00000000eb180000)
  object space 33792K, 21% used [0x00000000c1400000,0x00000000c1b2fdb0,0x00000000c3500000)
 Metaspace       used 33207K, capacity 35198K, committed 35416K, reserved 1079296K
  class space    used 4252K, capacity 4617K, committed 4696K, reserved 1048576K
}
Event: 5.347 GC heap before
{Heap before GC invocations=10 (full 1):
 PSYoungGen      total 113664K, used 16301K [0x00000000eb180000, 0x00000000f2b80000, 0x0000000100000000)
  eden space 104448K, 7% used [0x00000000eb180000,0x00000000eb8cc340,0x00000000f1780000)
  from space 9216K, 95% used [0x00000000f2180000,0x00000000f2a1f160,0x00000000f2a80000)
  to   space 10240K, 0% used [0x00000000f1780000,0x00000000f1780000,0x00000000f2180000)
 ParOldGen       total 33792K, used 7359K [0x00000000c1400000, 0x00000000c3500000, 0x00000000eb180000)
  object space 33792K, 21% used [0x00000000c1400000,0x00000000c1b2fdb0,0x00000000c3500000)
 Metaspace       used 33351K, capacity 35326K, committed 35416K, reserved 1079296K
  class space    used 4267K, capacity 4625K, committed 4696K, reserved 1048576K
Event: 5.355 GC heap after
Heap after GC invocations=10 (full 1):
 PSYoungGen      total 114688K, used 5902K [0x00000000eb180000, 0x00000000f5800000, 0x0000000100000000)
  eden space 104448K, 0% used [0x00000000eb180000,0x00000000eb180000,0x00000000f1780000)
  from space 10240K, 57% used [0x00000000f1780000,0x00000000f1d439a0,0x00000000f2180000)
  to   space 9728K, 0% used [0x00000000f4e80000,0x00000000f4e80000,0x00000000f5800000)
 ParOldGen       total 33792K, used 7367K [0x00000000c1400000, 0x00000000c3500000, 0x00000000eb180000)
  object space 33792K, 21% used [0x00000000c1400000,0x00000000c1b31db0,0x00000000c3500000)
 Metaspace       used 33351K, capacity 35326K, committed 35416K, reserved 1079296K
  class space    used 4267K, capacity 4625K, committed 4696K, reserved 1048576K
}
Event: 5.355 GC heap before
{Heap before GC invocations=11 (full 2):
 PSYoungGen      total 114688K, used 5902K [0x00000000eb180000, 0x00000000f5800000, 0x0000000100000000)
  eden space 104448K, 0% used [0x00000000eb180000,0x00000000eb180000,0x00000000f1780000)
  from space 10240K, 57% used [0x00000000f1780000,0x00000000f1d439a0,0x00000000f2180000)
  to   space 9728K, 0% used [0x00000000f4e80000,0x00000000f4e80000,0x00000000f5800000)
 ParOldGen       total 33792K, used 7367K [0x00000000c1400000, 0x00000000c3500000, 0x00000000eb180000)
  object space 33792K, 21% used [0x00000000c1400000,0x00000000c1b31db0,0x00000000c3500000)
 Metaspace       used 33351K, capacity 35326K, committed 35416K, reserved 1079296K
  class space    used 4267K, capacity 4625K, committed 4696K, reserved 1048576K
Event: 5.413 GC heap after
Heap after GC invocations=11 (full 2):
 PSYoungGen      total 114688K, used 0K [0x00000000eb180000, 0x00000000f5800000, 0x0000000100000000)
  eden space 104448K, 0% used [0x00000000eb180000,0x00000000eb180000,0x00000000f1780000)
  from space 10240K, 0% used [0x00000000f1780000,0x00000000f1780000,0x00000000f2180000)
  to   space 9728K, 0% used [0x00000000f4e80000,0x00000000f4e80000,0x00000000f5800000)
 ParOldGen       total 45568K, used 10706K [0x00000000c1400000, 0x00000000c4080000, 0x00000000eb180000)
  object space 45568K, 23% used [0x00000000c1400000,0x00000000c1e74af0,0x00000000c4080000)
 Metaspace       used 33351K, capacity 35326K, committed 35416K, reserved 1079296K
  class space    used 4267K, capacity 4625K, committed 4696K, reserved 1048576K
}
Event: 12.022 GC heap before
{Heap before GC invocations=12 (full 2):
 PSYoungGen      total 114688K, used 104448K [0x00000000eb180000, 0x00000000f5800000, 0x0000000100000000)
  eden space 104448K, 100% used [0x00000000eb180000,0x00000000f1780000,0x00000000f1780000)
  from space 10240K, 0% used [0x00000000f1780000,0x00000000f1780000,0x00000000f2180000)
  to   space 9728K, 0% used [0x00000000f4e80000,0x00000000f4e80000,0x00000000f5800000)
 ParOldGen       total 45568K, used 10706K [0x00000000c1400000, 0x00000000c4080000, 0x00000000eb180000)
  object space 45568K, 23% used [0x00000000c1400000,0x00000000c1e74af0,0x00000000c4080000)
 Metaspace       used 43530K, capacity 46290K, committed 46552K, reserved 1089536K
  class space    used 5535K, capacity 6025K, committed 6104K, reserved 1048576K
Event: 12.045 GC heap after
Heap after GC invocations=12 (full 2):
 PSYoungGen      total 152576K, used 9697K [0x00000000eb180000, 0x00000000f5800000, 0x0000000100000000)
  eden space 142848K, 0% used [0x00000000eb180000,0x00000000eb180000,0x00000000f3d00000)
  from space 9728K, 99% used [0x00000000f4e80000,0x00000000f57f85d8,0x00000000f5800000)
  to   space 12288K, 0% used [0x00000000f4000000,0x00000000f4000000,0x00000000f4c00000)
 ParOldGen       total 45568K, used 14372K [0x00000000c1400000, 0x00000000c4080000, 0x00000000eb180000)
  object space 45568K, 31% used [0x00000000c1400000,0x00000000c22093c8,0x00000000c4080000)
 Metaspace       used 43530K, capacity 46290K, committed 46552K, reserved 1089536K
  class space    used 5535K, capacity 6025K, committed 6104K, reserved 1048576K
}

