# JRE version: Java(TM) SE Runtime Environment (8.0_181-b13) (build 1.8.0_181-b13)
# Java VM: Java HotSpot(TM) 64-Bit Server VM (25.181-b13 mixed mode windows-amd64 compressed oops)
Heap:
 PSYoungGen      total 139264K, used 84323K [0x00000000eb180000, 0x00000000f4780000, 0x0000000100000000)
  eden space 129536K, 57% used [0x00000000eb180000,0x00000000efa5ea08,0x00000000f3000000)
  from space 9728K, 99% used [0x00000000f3b80000,0x00000000f44fa318,0x00000000f4500000)
  to   space 11776K, 0% used [0x00000000f3000000,0x00000000f3000000,0x00000000f3b80000)
 ParOldGen       total 49152K, used 13246K [0x00000000c1400000, 0x00000000c4400000, 0x00000000eb180000)
  object space 49152K, 26% used [0x00000000c1400000,0x00000000c20efb88,0x00000000c4400000)
 Metaspace       used 50747K, capacity 53614K, committed 53848K, reserved 1095680K
  class space    used 6170K, capacity 6645K, committed 6744K, reserved 1048576K
GC Heap History (10 events):
Event: 4.718 GC heap before
{Heap before GC invocations=8 (full 1):
 PSYoungGen      total 73216K, used 65536K [0x00000000eb180000, 0x00000000f0080000, 0x0000000100000000)
  eden space 65536K, 100% used [0x00000000eb180000,0x00000000ef180000,0x00000000ef180000)
  from space 7680K, 0% used [0x00000000ef900000,0x00000000ef900000,0x00000000f0080000)
  to   space 7680K, 0% used [0x00000000ef180000,0x00000000ef180000,0x00000000ef900000)
 ParOldGen       total 36864K, used 6680K [0x00000000c1400000, 0x00000000c3800000, 0x00000000eb180000)
  object space 36864K, 18% used [0x00000000c1400000,0x00000000c1a86288,0x00000000c3800000)
 Metaspace       used 27241K, capacity 28788K, committed 28928K, reserved 1075200K
  class space    used 3434K, capacity 3736K, committed 3840K, reserved 1048576K
Event: 4.731 GC heap after
Heap after GC invocations=8 (full 1):
 PSYoungGen      total 73216K, used 7669K [0x00000000eb180000, 0x00000000f2080000, 0x0000000100000000)
  eden space 65536K, 0% used [0x00000000eb180000,0x00000000eb180000,0x00000000ef180000)
  from space 7680K, 99% used [0x00000000ef180000,0x00000000ef8fd6e0,0x00000000ef900000)
  to   space 9216K, 0% used [0x00000000f1780000,0x00000000f1780000,0x00000000f2080000)
 ParOldGen       total 36864K, used 7345K [0x00000000c1400000, 0x00000000c3800000, 0x00000000eb180000)
  object space 36864K, 19% used [0x00000000c1400000,0x00000000c1b2c700,0x00000000c3800000)
 Metaspace       used 27241K, capacity 28788K, committed 28928K, reserved 1075200K
  class space    used 3434K, capacity 3736K, committed 3840K, reserved 1048576K
}
Event: 5.883 GC heap before
{Heap before GC invocations=9 (full 1):
 PSYoungGen      total 73216K, used 73205K [0x00000000eb180000, 0x00000000f2080000, 0x0000000100000000)
  eden space 65536K, 100% used [0x00000000eb180000,0x00000000ef180000,0x00000000ef180000)
  from space 7680K, 99% used [0x00000000ef180000,0x00000000ef8fd6e0,0x00000000ef900000)
  to   space 9216K, 0% used [0x00000000f1780000,0x00000000f1780000,0x00000000f2080000)
 ParOldGen       total 36864K, used 7345K [0x00000000c1400000, 0x00000000c3800000, 0x00000000eb180000)
  object space 36864K, 19% used [0x00000000c1400000,0x00000000c1b2c700,0x00000000c3800000)
 Metaspace       used 33203K, capacity 35200K, committed 35328K, reserved 1079296K
  class space    used 4241K, capacity 4578K, committed 4608K, reserved 1048576K
Event: 5.895 GC heap after
Heap after GC invocations=9 (full 1):
 PSYoungGen      total 103424K, used 8830K [0x00000000eb180000, 0x00000000f2180000, 0x0000000100000000)
  eden space 94208K, 0% used [0x00000000eb180000,0x00000000eb180000,0x00000000f0d80000)
  from space 9216K, 95% used [0x00000000f1780000,0x00000000f201fa08,0x00000000f2080000)
  to   space 10240K, 0% used [0x00000000f0d80000,0x00000000f0d80000,0x00000000f1780000)
 ParOldGen       total 36864K, used 7417K [0x00000000c1400000, 0x00000000c3800000, 0x00000000eb180000)
  object space 36864K, 20% used [0x00000000c1400000,0x00000000c1b3e710,0x00000000c3800000)
 Metaspace       used 33203K, capacity 35200K, committed 35328K, reserved 1079296K
  class space    used 4241K, capacity 4578K, committed 4608K, reserved 1048576K
}
Event: 5.979 GC heap before
{Heap before GC invocations=10 (full 1):
 PSYoungGen      total 103424K, used 15571K [0x00000000eb180000, 0x00000000f2180000, 0x0000000100000000)
  eden space 94208K, 7% used [0x00000000eb180000,0x00000000eb815270,0x00000000f0d80000)
  from space 9216K, 95% used [0x00000000f1780000,0x00000000f201fa08,0x00000000f2080000)
  to   space 10240K, 0% used [0x00000000f0d80000,0x00000000f0d80000,0x00000000f1780000)
 ParOldGen       total 36864K, used 7417K [0x00000000c1400000, 0x00000000c3800000, 0x00000000eb180000)
  object space 36864K, 20% used [0x00000000c1400000,0x00000000c1b3e710,0x00000000c3800000)
 Metaspace       used 33344K, capacity 35322K, committed 35416K, reserved 1079296K
  class space    used 4263K, capacity 4625K, committed 4696K, reserved 1048576K
Event: 5.988 GC heap after
Heap after GC invocations=10 (full 1):
 PSYoungGen      total 104448K, used 5886K [0x00000000eb180000, 0x00000000f4500000, 0x0000000100000000)
  eden space 94208K, 0% used [0x00000000eb180000,0x00000000eb180000,0x00000000f0d80000)
  from space 10240K, 57% used [0x00000000f0d80000,0x00000000f133f990,0x00000000f1780000)
  to   space 9728K, 0% used [0x00000000f3b80000,0x00000000f3b80000,0x00000000f4500000)
 ParOldGen       total 36864K, used 7425K [0x00000000c1400000, 0x00000000c3800000, 0x00000000eb180000)
  object space 36864K, 20% used [0x00000000c1400000,0x00000000c1b40710,0x00000000c3800000)
 Metaspace       used 33344K, capacity 35322K, committed 35416K, reserved 1079296K
  class space    used 4263K, capacity 4625K, committed 4696K, reserved 1048576K
}
Event: 5.988 GC heap before
{Heap before GC invocations=11 (full 2):
 PSYoungGen      total 104448K, used 5886K [0x00000000eb180000, 0x00000000f4500000, 0x0000000100000000)
  eden space 94208K, 0% used [0x00000000eb180000,0x00000000eb180000,0x00000000f0d80000)
  from space 10240K, 57% used [0x00000000f0d80000,0x00000000f133f990,0x00000000f1780000)
  to   space 9728K, 0% used [0x00000000f3b80000,0x00000000f3b80000,0x00000000f4500000)
 ParOldGen       total 36864K, used 7425K [0x00000000c1400000, 0x00000000c3800000, 0x00000000eb180000)
  object space 36864K, 20% used [0x00000000c1400000,0x00000000c1b40710,0x00000000c3800000)
 Metaspace       used 33344K, capacity 35322K, committed 35416K, reserved 1079296K
  class space    used 4263K, capacity 4625K, committed 4696K, reserved 1048576K
Event: 6.039 GC heap after
Heap after GC invocations=11 (full 2):
 PSYoungGen      total 104448K, used 0K [0x00000000eb180000, 0x00000000f4500000, 0x0000000100000000)
  eden space 94208K, 0% used [0x00000000eb180000,0x00000000eb180000,0x00000000f0d80000)
  from space 10240K, 0% used [0x00000000f0d80000,0x00000000f0d80000,0x00000000f1780000)
  to   space 9728K, 0% used [0x00000000f3b80000,0x00000000f3b80000,0x00000000f4500000)
 ParOldGen       total 49152K, used 10690K [0x00000000c1400000, 0x00000000c4400000, 0x00000000eb180000)
  object space 49152K, 21% used [0x00000000c1400000,0x00000000c1e708f8,0x00000000c4400000)
 Metaspace       used 33344K, capacity 35322K, committed 35416K, reserved 1079296K
  class space    used 4263K, capacity 4625K, committed 4696K, reserved 1048576K
}
Event: 7.782 GC heap before
{Heap before GC invocations=12 (full 2):
 PSYoungGen      total 104448K, used 94208K [0x00000000eb180000, 0x00000000f4500000, 0x0000000100000000)
  eden space 94208K, 100% used [0x00000000eb180000,0x00000000f0d80000,0x00000000f0d80000)
  from space 10240K, 0% used [0x00000000f0d80000,0x00000000f0d80000,0x00000000f1780000)
  to   space 9728K, 0% used [0x00000000f3b80000,0x00000000f3b80000,0x00000000f4500000)
 ParOldGen       total 49152K, used 10690K [0x00000000c1400000, 0x00000000c4400000, 0x00000000eb180000)
  object space 49152K, 21% used [0x00000000c1400000,0x00000000c1e708f8,0x00000000c4400000)
 Metaspace       used 42540K, capacity 45300K, committed 45400K, reserved 1089536K
  class space    used 5427K, capacity 5890K, committed 5976K, reserved 1048576K
Event: 7.799 GC heap after
Heap after GC invocations=12 (full 2):
 PSYoungGen      total 139264K, used 9704K [0x00000000eb180000, 0x00000000f4780000, 0x0000000100000000)
  eden space 129536K, 0% used [0x00000000eb180000,0x00000000eb180000,0x00000000f3000000)
  from space 9728K, 99% used [0x00000000f3b80000,0x00000000f44fa318,0x00000000f4500000)
  to   space 11776K, 0% used [0x00000000f3000000,0x00000000f3000000,0x00000000f3b80000)
 ParOldGen       total 49152K, used 13246K [0x00000000c1400000, 0x00000000c4400000, 0x00000000eb180000)
  object space 49152K, 26% used [0x00000000c1400000,0x00000000c20efb88,0x00000000c4400000)
 Metaspace       used 42540K, capacity 45300K, committed 45400K, reserved 1089536K
  class space    used 5427K, capacity 5890K, committed 5976K, reserved 1048576K
}

