# JRE version: Java(TM) SE Runtime Environment (8.0_181-b13) (build 1.8.0_181-b13)
# Java VM: Java HotSpot(TM) 64-Bit Server VM (25.181-b13 mixed mode windows-amd64 compressed oops)
Heap:
 PSYoungGen      total 73216K, used 8545K [0x00000000eb180000, 0x00000000f1d00000, 0x0000000100000000)
  eden space 65536K, 13% used [0x00000000eb180000,0x00000000eb9d8400,0x00000000ef180000)
  from space 7680K, 0% used [0x00000000ef180000,0x00000000ef180000,0x00000000ef900000)
  to   space 10240K, 0% used [0x00000000f1300000,0x00000000f1300000,0x00000000f1d00000)
 ParOldGen       total 36352K, used 10653K [0x00000000c1400000, 0x00000000c3780000, 0x00000000eb180000)
  object space 36352K, 29% used [0x00000000c1400000,0x00000000c1e67428,0x00000000c3780000)
 Metaspace       used 33784K, capacity 35808K, committed 35928K, reserved 1081344K
  class space    used 4334K, capacity 4676K, committed 4696K, reserved 1048576K
GC Heap History (10 events):
Event: 3.311 GC heap before
{Heap before GC invocations=7 (full 1):
 PSYoungGen      total 73216K, used 5729K [0x00000000eb180000, 0x00000000f0080000, 0x0000000100000000)
  eden space 65536K, 0% used [0x00000000eb180000,0x00000000eb180000,0x00000000ef180000)
  from space 7680K, 74% used [0x00000000ef900000,0x00000000efe98780,0x00000000f0080000)
  to   space 7680K, 0% used [0x00000000ef180000,0x00000000ef180000,0x00000000ef900000)
 ParOldGen       total 44032K, used 9851K [0x00000000c1400000, 0x00000000c3f00000, 0x00000000eb180000)
  object space 44032K, 22% used [0x00000000c1400000,0x00000000c1d9ef48,0x00000000c3f00000)
 Metaspace       used 20392K, capacity 21140K, committed 21248K, reserved 1067008K
  class space    used 2519K, capacity 2720K, committed 2816K, reserved 1048576K
Event: 3.370 GC heap after
Heap after GC invocations=7 (full 1):
 PSYoungGen      total 73216K, used 0K [0x00000000eb180000, 0x00000000f0080000, 0x0000000100000000)
  eden space 65536K, 0% used [0x00000000eb180000,0x00000000eb180000,0x00000000ef180000)
  from space 7680K, 0% used [0x00000000ef900000,0x00000000ef900000,0x00000000f0080000)
  to   space 7680K, 0% used [0x00000000ef180000,0x00000000ef180000,0x00000000ef900000)
 ParOldGen       total 36352K, used 6664K [0x00000000c1400000, 0x00000000c3780000, 0x00000000eb180000)
  object space 36352K, 18% used [0x00000000c1400000,0x00000000c1a82388,0x00000000c3780000)
 Metaspace       used 20392K, capacity 21140K, committed 21248K, reserved 1067008K
  class space    used 2519K, capacity 2720K, committed 2816K, reserved 1048576K
}
Event: 5.363 GC heap before
{Heap before GC invocations=8 (full 1):
 PSYoungGen      total 73216K, used 65536K [0x00000000eb180000, 0x00000000f0080000, 0x0000000100000000)
  eden space 65536K, 100% used [0x00000000eb180000,0x00000000ef180000,0x00000000ef180000)
  from space 7680K, 0% used [0x00000000ef900000,0x00000000ef900000,0x00000000f0080000)
  to   space 7680K, 0% used [0x00000000ef180000,0x00000000ef180000,0x00000000ef900000)
 ParOldGen       total 36352K, used 6664K [0x00000000c1400000, 0x00000000c3780000, 0x00000000eb180000)
  object space 36352K, 18% used [0x00000000c1400000,0x00000000c1a82388,0x00000000c3780000)
 Metaspace       used 27233K, capacity 28784K, committed 28928K, reserved 1075200K
  class space    used 3434K, capacity 3736K, committed 3840K, reserved 1048576K
Event: 5.378 GC heap after
Heap after GC invocations=8 (full 1):
 PSYoungGen      total 73216K, used 7661K [0x00000000eb180000, 0x00000000f0080000, 0x0000000100000000)
  eden space 65536K, 0% used [0x00000000eb180000,0x00000000eb180000,0x00000000ef180000)
  from space 7680K, 99% used [0x00000000ef180000,0x00000000ef8fb400,0x00000000ef900000)
  to   space 7680K, 0% used [0x00000000ef900000,0x00000000ef900000,0x00000000f0080000)
 ParOldGen       total 36352K, used 7371K [0x00000000c1400000, 0x00000000c3780000, 0x00000000eb180000)
  object space 36352K, 20% used [0x00000000c1400000,0x00000000c1b32d18,0x00000000c3780000)
 Metaspace       used 27233K, capacity 28784K, committed 28928K, reserved 1075200K
  class space    used 3434K, capacity 3736K, committed 3840K, reserved 1048576K
}
Event: 6.579 GC heap before
{Heap before GC invocations=9 (full 1):
 PSYoungGen      total 73216K, used 73197K [0x00000000eb180000, 0x00000000f0080000, 0x0000000100000000)
  eden space 65536K, 100% used [0x00000000eb180000,0x00000000ef180000,0x00000000ef180000)
  from space 7680K, 99% used [0x00000000ef180000,0x00000000ef8fb400,0x00000000ef900000)
  to   space 7680K, 0% used [0x00000000ef900000,0x00000000ef900000,0x00000000f0080000)
 ParOldGen       total 36352K, used 7371K [0x00000000c1400000, 0x00000000c3780000, 0x00000000eb180000)
  object space 36352K, 20% used [0x00000000c1400000,0x00000000c1b32d18,0x00000000c3780000)
 Metaspace       used 33236K, capacity 35222K, committed 35328K, reserved 1079296K
  class space    used 4249K, capacity 4585K, committed 4608K, reserved 1048576K
Event: 6.593 GC heap after
Heap after GC invocations=9 (full 1):
 PSYoungGen      total 73216K, used 7665K [0x00000000eb180000, 0x00000000f0080000, 0x0000000100000000)
  eden space 65536K, 0% used [0x00000000eb180000,0x00000000eb180000,0x00000000ef180000)
  from space 7680K, 99% used [0x00000000ef900000,0x00000000f007c578,0x00000000f0080000)
  to   space 7680K, 0% used [0x00000000ef180000,0x00000000ef180000,0x00000000ef900000)
 ParOldGen       total 36352K, used 8775K [0x00000000c1400000, 0x00000000c3780000, 0x00000000eb180000)
  object space 36352K, 24% used [0x00000000c1400000,0x00000000c1c91d88,0x00000000c3780000)
 Metaspace       used 33236K, capacity 35222K, committed 35328K, reserved 1079296K
  class space    used 4249K, capacity 4585K, committed 4608K, reserved 1048576K
}
Event: 6.705 GC heap before
{Heap before GC invocations=10 (full 1):
 PSYoungGen      total 73216K, used 12351K [0x00000000eb180000, 0x00000000f0080000, 0x0000000100000000)
  eden space 65536K, 7% used [0x00000000eb180000,0x00000000eb613a10,0x00000000ef180000)
  from space 7680K, 99% used [0x00000000ef900000,0x00000000f007c578,0x00000000f0080000)
  to   space 7680K, 0% used [0x00000000ef180000,0x00000000ef180000,0x00000000ef900000)
 ParOldGen       total 36352K, used 8775K [0x00000000c1400000, 0x00000000c3780000, 0x00000000eb180000)
  object space 36352K, 24% used [0x00000000c1400000,0x00000000c1c91d88,0x00000000c3780000)
 Metaspace       used 33338K, capacity 35322K, committed 35416K, reserved 1079296K
  class space    used 4262K, capacity 4625K, committed 4696K, reserved 1048576K
Event: 6.712 GC heap after
Heap after GC invocations=10 (full 1):
 PSYoungGen      total 73216K, used 5886K [0x00000000eb180000, 0x00000000f1d00000, 0x0000000100000000)
  eden space 65536K, 0% used [0x00000000eb180000,0x00000000eb180000,0x00000000ef180000)
  from space 7680K, 76% used [0x00000000ef180000,0x00000000ef73f990,0x00000000ef900000)
  to   space 10240K, 0% used [0x00000000f1300000,0x00000000f1300000,0x00000000f1d00000)
 ParOldGen       total 36352K, used 8783K [0x00000000c1400000, 0x00000000c3780000, 0x00000000eb180000)
  object space 36352K, 24% used [0x00000000c1400000,0x00000000c1c93d88,0x00000000c3780000)
 Metaspace       used 33338K, capacity 35322K, committed 35416K, reserved 1079296K
  class space    used 4262K, capacity 4625K, committed 4696K, reserved 1048576K
}
Event: 6.712 GC heap before
{Heap before GC invocations=11 (full 2):
 PSYoungGen      total 73216K, used 5886K [0x00000000eb180000, 0x00000000f1d00000, 0x0000000100000000)
  eden space 65536K, 0% used [0x00000000eb180000,0x00000000eb180000,0x00000000ef180000)
  from space 7680K, 76% used [0x00000000ef180000,0x00000000ef73f990,0x00000000ef900000)
  to   space 10240K, 0% used [0x00000000f1300000,0x00000000f1300000,0x00000000f1d00000)
 ParOldGen       total 36352K, used 8783K [0x00000000c1400000, 0x00000000c3780000, 0x00000000eb180000)
  object space 36352K, 24% used [0x00000000c1400000,0x00000000c1c93d88,0x00000000c3780000)
 Metaspace       used 33338K, capacity 35322K, committed 35416K, reserved 1079296K
  class space    used 4262K, capacity 4625K, committed 4696K, reserved 1048576K
Event: 6.767 GC heap after
Heap after GC invocations=11 (full 2):
 PSYoungGen      total 73216K, used 0K [0x00000000eb180000, 0x00000000f1d00000, 0x0000000100000000)
  eden space 65536K, 0% used [0x00000000eb180000,0x00000000eb180000,0x00000000ef180000)
  from space 7680K, 0% used [0x00000000ef180000,0x00000000ef180000,0x00000000ef900000)
  to   space 10240K, 0% used [0x00000000f1300000,0x00000000f1300000,0x00000000f1d00000)
 ParOldGen       total 36352K, used 10653K [0x00000000c1400000, 0x00000000c3780000, 0x00000000eb180000)
  object space 36352K, 29% used [0x00000000c1400000,0x00000000c1e67428,0x00000000c3780000)
 Metaspace       used 33338K, capacity 35322K, committed 35416K, reserved 1079296K
  class space    used 4262K, capacity 4625K, committed 4696K, reserved 1048576K
}

