# JRE version: Java(TM) SE Runtime Environment (8.0_181-b13) (build 1.8.0_181-b13)
# Java VM: Java HotSpot(TM) 64-Bit Server VM (25.181-b13 mixed mode windows-amd64 compressed oops)
Heap:
 PSYoungGen      total 74240K, used 31462K [0x00000000eb180000, 0x00000000f1480000, 0x0000000100000000)
  eden space 67584K, 46% used [0x00000000eb180000,0x00000000ed039bc0,0x00000000ef380000)
  from space 6656K, 0% used [0x00000000efb80000,0x00000000efb80000,0x00000000f0200000)
  to   space 8192K, 0% used [0x00000000ef380000,0x00000000ef380000,0x00000000efb80000)
 ParOldGen       total 53248K, used 13129K [0x00000000c1400000, 0x00000000c4800000, 0x00000000eb180000)
  object space 53248K, 24% used [0x00000000c1400000,0x00000000c20d2510,0x00000000c4800000)
 Metaspace       used 35753K, capacity 38030K, committed 38104K, reserved 1083392K
  class space    used 4606K, capacity 5039K, committed 5080K, reserved 1048576K
GC Heap History (10 events):
Event: 3.469 GC heap before
{Heap before GC invocations=8 (full 1):
 PSYoungGen      total 38912K, used 4450K [0x00000000eb180000, 0x00000000efd80000, 0x0000000100000000)
  eden space 32768K, 0% used [0x00000000eb180000,0x00000000eb180000,0x00000000ed180000)
  from space 6144K, 72% used [0x00000000ed180000,0x00000000ed5d8bf0,0x00000000ed780000)
  to   space 6144K, 0% used [0x00000000ef780000,0x00000000ef780000,0x00000000efd80000)
 ParOldGen       total 44032K, used 9252K [0x00000000c1400000, 0x00000000c3f00000, 0x00000000eb180000)
  object space 44032K, 21% used [0x00000000c1400000,0x00000000c1d091d0,0x00000000c3f00000)
 Metaspace       used 20338K, capacity 21144K, committed 21248K, reserved 1067008K
  class space    used 2513K, capacity 2720K, committed 2816K, reserved 1048576K
Event: 3.507 GC heap after
Heap after GC invocations=8 (full 1):
 PSYoungGen      total 38912K, used 0K [0x00000000eb180000, 0x00000000efd80000, 0x0000000100000000)
  eden space 32768K, 0% used [0x00000000eb180000,0x00000000eb180000,0x00000000ed180000)
  from space 6144K, 0% used [0x00000000ed180000,0x00000000ed180000,0x00000000ed780000)
  to   space 6144K, 0% used [0x00000000ef780000,0x00000000ef780000,0x00000000efd80000)
 ParOldGen       total 33280K, used 6541K [0x00000000c1400000, 0x00000000c3480000, 0x00000000eb180000)
  object space 33280K, 19% used [0x00000000c1400000,0x00000000c1a635b0,0x00000000c3480000)
 Metaspace       used 20338K, capacity 21144K, committed 21248K, reserved 1067008K
  class space    used 2513K, capacity 2720K, committed 2816K, reserved 1048576K
}
Event: 4.163 GC heap before
{Heap before GC invocations=9 (full 1):
 PSYoungGen      total 38912K, used 32768K [0x00000000eb180000, 0x00000000efd80000, 0x0000000100000000)
  eden space 32768K, 100% used [0x00000000eb180000,0x00000000ed180000,0x00000000ed180000)
  from space 6144K, 0% used [0x00000000ed180000,0x00000000ed180000,0x00000000ed780000)
  to   space 6144K, 0% used [0x00000000ef780000,0x00000000ef780000,0x00000000efd80000)
 ParOldGen       total 33280K, used 6541K [0x00000000c1400000, 0x00000000c3480000, 0x00000000eb180000)
  object space 33280K, 19% used [0x00000000c1400000,0x00000000c1a635b0,0x00000000c3480000)
 Metaspace       used 23715K, capacity 24780K, committed 25088K, reserved 1071104K
  class space    used 2988K, capacity 3222K, committed 3328K, reserved 1048576K
Event: 4.168 GC heap after
Heap after GC invocations=9 (full 1):
 PSYoungGen      total 56320K, used 4457K [0x00000000eb180000, 0x00000000efc00000, 0x0000000100000000)
  eden space 51712K, 0% used [0x00000000eb180000,0x00000000eb180000,0x00000000ee400000)
  from space 4608K, 96% used [0x00000000ef780000,0x00000000efbda600,0x00000000efc00000)
  to   space 6144K, 0% used [0x00000000ef000000,0x00000000ef000000,0x00000000ef600000)
 ParOldGen       total 33280K, used 6549K [0x00000000c1400000, 0x00000000c3480000, 0x00000000eb180000)
  object space 33280K, 19% used [0x00000000c1400000,0x00000000c1a655b0,0x00000000c3480000)
 Metaspace       used 23715K, capacity 24780K, committed 25088K, reserved 1071104K
  class space    used 2988K, capacity 3222K, committed 3328K, reserved 1048576K
}
Event: 5.377 GC heap before
{Heap before GC invocations=10 (full 1):
 PSYoungGen      total 56320K, used 56169K [0x00000000eb180000, 0x00000000efc00000, 0x0000000100000000)
  eden space 51712K, 100% used [0x00000000eb180000,0x00000000ee400000,0x00000000ee400000)
  from space 4608K, 96% used [0x00000000ef780000,0x00000000efbda600,0x00000000efc00000)
  to   space 6144K, 0% used [0x00000000ef000000,0x00000000ef000000,0x00000000ef600000)
 ParOldGen       total 33280K, used 6549K [0x00000000c1400000, 0x00000000c3480000, 0x00000000eb180000)
  object space 33280K, 19% used [0x00000000c1400000,0x00000000c1a655b0,0x00000000c3480000)
 Metaspace       used 28342K, capacity 29908K, committed 30336K, reserved 1075200K
  class space    used 3544K, capacity 3842K, committed 3968K, reserved 1048576K
Event: 5.387 GC heap after
Heap after GC invocations=10 (full 1):
 PSYoungGen      total 70144K, used 6128K [0x00000000eb180000, 0x00000000f0200000, 0x0000000100000000)
  eden space 64000K, 0% used [0x00000000eb180000,0x00000000eb180000,0x00000000ef000000)
  from space 6144K, 99% used [0x00000000ef000000,0x00000000ef5fc068,0x00000000ef600000)
  to   space 6656K, 0% used [0x00000000efb80000,0x00000000efb80000,0x00000000f0200000)
 ParOldGen       total 33280K, used 6728K [0x00000000c1400000, 0x00000000c3480000, 0x00000000eb180000)
  object space 33280K, 20% used [0x00000000c1400000,0x00000000c1a921f0,0x00000000c3480000)
 Metaspace       used 28342K, capacity 29908K, committed 30336K, reserved 1075200K
  class space    used 3544K, capacity 3842K, committed 3968K, reserved 1048576K
}
Event: 6.596 GC heap before
{Heap before GC invocations=11 (full 1):
 PSYoungGen      total 70144K, used 55121K [0x00000000eb180000, 0x00000000f0200000, 0x0000000100000000)
  eden space 64000K, 76% used [0x00000000eb180000,0x00000000ee158560,0x00000000ef000000)
  from space 6144K, 99% used [0x00000000ef000000,0x00000000ef5fc068,0x00000000ef600000)
  to   space 6656K, 0% used [0x00000000efb80000,0x00000000efb80000,0x00000000f0200000)
 ParOldGen       total 33280K, used 6728K [0x00000000c1400000, 0x00000000c3480000, 0x00000000eb180000)
  object space 33280K, 20% used [0x00000000c1400000,0x00000000c1a921f0,0x00000000c3480000)
 Metaspace       used 33357K, capacity 35330K, committed 35416K, reserved 1079296K
  class space    used 4265K, capacity 4625K, committed 4696K, reserved 1048576K
Event: 6.611 GC heap after
Heap after GC invocations=11 (full 1):
 PSYoungGen      total 74240K, used 6638K [0x00000000eb180000, 0x00000000f1480000, 0x0000000100000000)
  eden space 67584K, 0% used [0x00000000eb180000,0x00000000eb180000,0x00000000ef380000)
  from space 6656K, 99% used [0x00000000efb80000,0x00000000f01fba08,0x00000000f0200000)
  to   space 8192K, 0% used [0x00000000ef380000,0x00000000ef380000,0x00000000efb80000)
 ParOldGen       total 33280K, used 8990K [0x00000000c1400000, 0x00000000c3480000, 0x00000000eb180000)
  object space 33280K, 27% used [0x00000000c1400000,0x00000000c1cc7848,0x00000000c3480000)
 Metaspace       used 33357K, capacity 35330K, committed 35416K, reserved 1079296K
  class space    used 4265K, capacity 4625K, committed 4696K, reserved 1048576K
}
Event: 6.611 GC heap before
{Heap before GC invocations=12 (full 2):
 PSYoungGen      total 74240K, used 6638K [0x00000000eb180000, 0x00000000f1480000, 0x0000000100000000)
  eden space 67584K, 0% used [0x00000000eb180000,0x00000000eb180000,0x00000000ef380000)
  from space 6656K, 99% used [0x00000000efb80000,0x00000000f01fba08,0x00000000f0200000)
  to   space 8192K, 0% used [0x00000000ef380000,0x00000000ef380000,0x00000000efb80000)
 ParOldGen       total 33280K, used 8990K [0x00000000c1400000, 0x00000000c3480000, 0x00000000eb180000)
  object space 33280K, 27% used [0x00000000c1400000,0x00000000c1cc7848,0x00000000c3480000)
 Metaspace       used 33357K, capacity 35330K, committed 35416K, reserved 1079296K
  class space    used 4265K, capacity 4625K, committed 4696K, reserved 1048576K
Event: 6.677 GC heap after
Heap after GC invocations=12 (full 2):
 PSYoungGen      total 74240K, used 0K [0x00000000eb180000, 0x00000000f1480000, 0x0000000100000000)
  eden space 67584K, 0% used [0x00000000eb180000,0x00000000eb180000,0x00000000ef380000)
  from space 6656K, 0% used [0x00000000efb80000,0x00000000efb80000,0x00000000f0200000)
  to   space 8192K, 0% used [0x00000000ef380000,0x00000000ef380000,0x00000000efb80000)
 ParOldGen       total 53248K, used 13129K [0x00000000c1400000, 0x00000000c4800000, 0x00000000eb180000)
  object space 53248K, 24% used [0x00000000c1400000,0x00000000c20d2510,0x00000000c4800000)
 Metaspace       used 33357K, capacity 35330K, committed 35416K, reserved 1079296K
  class space    used 4265K, capacity 4625K, committed 4696K, reserved 1048576K
}

